[2019-08-24 14:01:10,410 | INFO] Sender thread is now running...
[2019-08-24 14:01:10,410 | INFO] Receiver thread is now running...
[2019-08-24 14:01:10,637 | INFO] from RCU 77d1
[2019-08-24 14:01:11,361 | INFO] from RCU 08ae
[2019-08-24 14:01:12,085 | INFO] from RCU 77d1
[2019-08-24 14:01:12,810 | INFO] from RCU 08ae
[2019-08-24 14:01:13,538 | INFO] from RCU 77d1
[2019-08-24 14:01:14,261 | INFO] from RCU 08ae
[2019-08-24 14:01:14,989 | INFO] from RCU 77d1
[2019-08-24 14:01:15,712 | INFO] from RCU 08ae
[2019-08-24 14:01:16,441 | INFO] from RCU 77d1
[2019-08-24 14:01:17,163 | INFO] from RCU 08ae
[2019-08-24 14:01:17,891 | INFO] from RCU 77d1
[2019-08-24 14:01:18,614 | INFO] from RCU 08ae
[2019-08-24 14:01:19,340 | INFO] from RCU 77d1
[2019-08-24 14:01:20,065 | INFO] from RCU 08ae
[2019-08-24 14:01:20,791 | INFO] from RCU 77d1
[2019-08-24 14:01:21,516 | INFO] from RCU 08ae
[2019-08-24 14:01:22,242 | INFO] from RCU 77d1
[2019-08-24 14:01:22,967 | INFO] from RCU 08ae
[2019-08-24 14:01:23,692 | INFO] from RCU 77d1
[2019-08-24 14:01:24,417 | INFO] from RCU 08ae
[2019-08-24 14:01:25,143 | INFO] from RCU 77d1
[2019-08-24 14:01:25,869 | INFO] from RCU 08ae
[2019-08-24 14:01:26,595 | INFO] from RCU 77d1
[2019-08-24 14:01:27,320 | INFO] from RCU 08ae
[2019-08-24 14:01:28,046 | INFO] from RCU 77d1
[2019-08-24 14:01:28,771 | INFO] from RCU 08ae
[2019-08-24 14:01:29,497 | INFO] from RCU 77d1
[2019-08-24 14:01:30,221 | INFO] from RCU 08ae
[2019-08-24 14:01:30,947 | INFO] from RCU 77d1
[2019-08-24 14:01:31,672 | INFO] from RCU 08ae
[2019-08-24 14:01:32,398 | INFO] from RCU 77d1
[2019-08-24 14:01:33,123 | INFO] from RCU 08ae
[2019-08-24 14:01:33,851 | INFO] from RCU 77d1
[2019-08-24 14:01:34,573 | INFO] from RCU 08ae
[2019-08-24 14:01:35,299 | INFO] from RCU 77d1
[2019-08-24 14:01:36,024 | INFO] from RCU 08ae
[2019-08-24 14:01:36,749 | INFO] from RCU 77d1
[2019-08-24 14:01:37,475 | INFO] from RCU 08ae
[2019-08-24 14:01:38,200 | INFO] from RCU 77d1
[2019-08-24 14:01:38,926 | INFO] from RCU 08ae
[2019-08-24 14:01:39,652 | INFO] from RCU 77d1
[2019-08-24 14:01:40,377 | INFO] from RCU 08ae
[2019-08-24 14:01:41,104 | INFO] from RCU 77d1
[2019-08-24 14:01:41,829 | INFO] from RCU 08ae
[2019-08-24 14:01:42,553 | INFO] from RCU 77d1
[2019-08-24 14:01:43,278 | INFO] from RCU 08ae
[2019-08-24 14:01:44,004 | INFO] from RCU 77d1
[2019-08-24 14:01:44,729 | INFO] from RCU 08ae
[2019-08-24 14:01:45,455 | INFO] from RCU 77d1
[2019-08-24 14:01:46,180 | INFO] from RCU 08ae
[2019-08-24 14:01:46,906 | INFO] from RCU 77d1
[2019-08-24 14:01:47,631 | INFO] from RCU 08ae
[2019-08-24 14:01:48,357 | INFO] from RCU 77d1
[2019-08-24 14:01:49,082 | INFO] from RCU 08ae
[2019-08-24 14:01:49,808 | INFO] from RCU 77d1
[2019-08-24 14:01:50,532 | INFO] from RCU 08ae
[2019-08-24 14:01:51,258 | INFO] from RCU 77d1
[2019-08-24 14:01:51,983 | INFO] from RCU 08ae
[2019-08-24 14:01:52,709 | INFO] from RCU 77d1
[2019-08-24 14:01:53,434 | INFO] from RCU 08ae
[2019-08-24 14:01:54,161 | INFO] from RCU 77d1
[2019-08-24 14:01:54,885 | INFO] from RCU 08ae
[2019-08-24 14:01:55,611 | INFO] from RCU 77d1
[2019-08-24 14:01:56,336 | INFO] from RCU 08ae
[2019-08-24 14:01:57,063 | INFO] from RCU 77d1
[2019-08-24 14:01:57,787 | INFO] from RCU 08ae
[2019-08-24 14:01:58,513 | INFO] from RCU 77d1
[2019-08-24 14:01:59,238 | INFO] from RCU 08ae
[2019-08-24 14:01:59,964 | INFO] from RCU 77d1
[2019-08-24 14:02:00,689 | INFO] from RCU 08ae
[2019-08-24 14:02:01,415 | INFO] from RCU 77d1
[2019-08-24 14:02:02,139 | INFO] from RCU 08ae
[2019-08-24 14:02:02,864 | INFO] from RCU 77d1
[2019-08-24 14:02:03,589 | INFO] from RCU 08ae
[2019-08-24 14:02:04,317 | INFO] from RCU 77d1
[2019-08-24 14:02:05,042 | INFO] from RCU 08ae
[2019-08-24 14:02:05,767 | INFO] from RCU 77d1
[2019-08-24 14:02:06,492 | INFO] from RCU 08ae
[2019-08-24 14:02:07,220 | INFO] from RCU 77d1
[2019-08-24 14:02:07,944 | INFO] from RCU 08ae
[2019-08-24 14:02:08,668 | INFO] from RCU 77d1
[2019-08-24 14:02:09,393 | INFO] from RCU 08ae
[2019-08-24 14:02:10,121 | INFO] from RCU 77d1
[2019-08-24 14:02:10,844 | INFO] from RCU 08ae
[2019-08-24 14:02:11,570 | INFO] from RCU 77d1
[2019-08-24 14:02:12,295 | INFO] from RCU 08ae
[2019-08-24 14:02:13,020 | INFO] from RCU 77d1
[2019-08-24 14:02:13,745 | INFO] from RCU 08ae
[2019-08-24 14:02:14,471 | INFO] from RCU 77d1
[2019-08-24 14:02:15,196 | INFO] from RCU 08ae
[2019-08-24 14:02:15,923 | INFO] from RCU 77d1
[2019-08-24 14:02:16,648 | INFO] from RCU 08ae
[2019-08-24 14:02:17,374 | INFO] from RCU 77d1
[2019-08-24 14:02:18,098 | INFO] from RCU 08ae
[2019-08-24 14:02:18,826 | INFO] from RCU 77d1
[2019-08-24 14:02:19,550 | INFO] from RCU 08ae
[2019-08-24 14:02:20,276 | INFO] from RCU 77d1
[2019-08-24 14:02:21,000 | INFO] from RCU 08ae
[2019-08-24 14:02:21,726 | INFO] from RCU 77d1
[2019-08-24 14:02:22,451 | INFO] from RCU 08ae
[2019-08-24 14:02:23,177 | INFO] from RCU 77d1
[2019-08-24 14:02:23,902 | INFO] from RCU 08ae
[2019-08-24 14:02:24,628 | INFO] from RCU 77d1
[2019-08-24 14:02:25,353 | INFO] from RCU 08ae
[2019-08-24 14:02:26,078 | INFO] from RCU 77d1
[2019-08-24 14:02:26,803 | INFO] from RCU 08ae
[2019-08-24 14:02:27,530 | INFO] from RCU 77d1
[2019-08-24 14:02:28,255 | INFO] from RCU 08ae
[2019-08-24 14:02:28,980 | INFO] from RCU 77d1
[2019-08-24 14:02:29,706 | INFO] from RCU 08ae
[2019-08-24 14:02:30,430 | INFO] from RCU 77d1
[2019-08-24 14:02:31,156 | INFO] from RCU 08ae
[2019-08-24 14:02:31,884 | INFO] from RCU 77d1
[2019-08-24 14:02:32,608 | INFO] from RCU 08ae
[2019-08-24 14:02:33,332 | INFO] from RCU 77d1
[2019-08-24 14:02:34,058 | INFO] from RCU 08ae
[2019-08-24 14:02:34,785 | INFO] from RCU 77d1
[2019-08-24 14:02:35,509 | INFO] from RCU 08ae
[2019-08-24 14:02:36,234 | INFO] from RCU 77d1
[2019-08-24 14:02:36,959 | INFO] from RCU 08ae
[2019-08-24 14:02:37,685 | INFO] from RCU 77d1
[2019-08-24 14:02:38,410 | INFO] from RCU 08ae
[2019-08-24 14:02:39,135 | INFO] from RCU 77d1
[2019-08-24 14:02:39,861 | INFO] from RCU 08ae
[2019-08-24 14:02:40,586 | INFO] from RCU 77d1
[2019-08-24 14:02:41,312 | INFO] from RCU 08ae
[2019-08-24 14:02:42,038 | INFO] from RCU 77d1
[2019-08-24 14:02:42,763 | INFO] from RCU 08ae
[2019-08-24 14:02:43,489 | INFO] from RCU 77d1
[2019-08-24 14:02:44,214 | INFO] from RCU 08ae
[2019-08-24 14:02:44,939 | INFO] from RCU 77d1
[2019-08-24 14:02:45,664 | INFO] from RCU 08ae
[2019-08-24 14:02:46,390 | INFO] from RCU 77d1
[2019-08-24 14:02:47,115 | INFO] from RCU 08ae
[2019-08-24 14:02:47,840 | INFO] from RCU 77d1
[2019-08-24 14:02:48,566 | INFO] from RCU 08ae
[2019-08-24 14:02:49,292 | INFO] from RCU 77d1
[2019-08-24 14:02:50,016 | INFO] from RCU 08ae
[2019-08-24 14:02:50,743 | INFO] from RCU 77d1
[2019-08-24 14:02:51,468 | INFO] from RCU 08ae
[2019-08-24 14:02:52,194 | INFO] from RCU 77d1
[2019-08-24 14:02:52,918 | INFO] from RCU 08ae
[2019-08-24 14:02:53,644 | INFO] from RCU 77d1
[2019-08-24 14:02:54,370 | INFO] from RCU 08ae
[2019-08-24 14:02:55,094 | INFO] from RCU 77d1
[2019-08-24 14:02:55,820 | INFO] from RCU 08ae
[2019-08-24 14:02:56,545 | INFO] from RCU 77d1
[2019-08-24 14:02:57,271 | INFO] from RCU 08ae
[2019-08-24 14:02:57,997 | INFO] from RCU 77d1
[2019-08-24 14:02:58,722 | INFO] from RCU 08ae
[2019-08-24 14:02:59,448 | INFO] from RCU 77d1
[2019-08-24 14:03:00,172 | INFO] from RCU 08ae
[2019-08-24 14:03:00,900 | INFO] from RCU 77d1
[2019-08-24 14:03:01,624 | INFO] from RCU 08ae
[2019-08-24 14:03:02,349 | INFO] from RCU 77d1
[2019-08-24 14:03:03,074 | INFO] from RCU 08ae
[2019-08-24 14:03:03,800 | INFO] from RCU 77d1
[2019-08-24 14:03:04,524 | INFO] from RCU 08ae
[2019-08-24 14:03:05,250 | INFO] from RCU 77d1
[2019-08-24 14:03:05,976 | INFO] from RCU 08ae
[2019-08-24 14:03:06,702 | INFO] from RCU 77d1
[2019-08-24 14:03:07,427 | INFO] from RCU 08ae
[2019-08-24 14:03:08,153 | INFO] from RCU 77d1
[2019-08-24 14:03:08,878 | INFO] from RCU 08ae
[2019-08-24 14:03:09,604 | INFO] from RCU 77d1
[2019-08-24 14:03:10,328 | INFO] from RCU 08ae
[2019-08-24 14:03:11,054 | INFO] from RCU 77d1
[2019-08-24 14:03:11,779 | INFO] from RCU 08ae
[2019-08-24 14:03:12,505 | INFO] from RCU 77d1
[2019-08-24 14:03:13,230 | INFO] from RCU 08ae
[2019-08-24 14:03:13,956 | INFO] from RCU 77d1
[2019-08-24 14:03:14,681 | INFO] from RCU 08ae
[2019-08-24 14:03:15,406 | INFO] from RCU 77d1
[2019-08-24 14:03:16,132 | INFO] from RCU 08ae
[2019-08-24 14:03:16,857 | INFO] from RCU 77d1
[2019-08-24 14:03:17,583 | INFO] from RCU 08ae
[2019-08-24 14:03:18,309 | INFO] from RCU 77d1
[2019-08-24 14:03:19,034 | INFO] from RCU 08ae
[2019-08-24 14:03:19,760 | INFO] from RCU 77d1
[2019-08-24 14:03:20,485 | INFO] from RCU 08ae
[2019-08-24 14:03:21,210 | INFO] from RCU 77d1
[2019-08-24 14:03:21,936 | INFO] from RCU 08ae
[2019-08-24 14:03:22,661 | INFO] from RCU 77d1
[2019-08-24 14:03:23,385 | INFO] from RCU 08ae
[2019-08-24 14:03:24,111 | INFO] from RCU 77d1
[2019-08-24 14:03:24,836 | INFO] from RCU 08ae
[2019-08-24 14:03:25,562 | INFO] from RCU 77d1
[2019-08-24 14:03:26,287 | INFO] from RCU 08ae
[2019-08-24 14:03:27,014 | INFO] from RCU 77d1
[2019-08-24 14:03:27,739 | INFO] from RCU 08ae
[2019-08-24 14:03:28,466 | INFO] from RCU 77d1
[2019-08-24 14:03:29,190 | INFO] from RCU 08ae
[2019-08-24 14:03:29,915 | INFO] from RCU 77d1
[2019-08-24 14:03:30,640 | INFO] from RCU 08ae
[2019-08-24 14:03:31,366 | INFO] from RCU 77d1
[2019-08-24 14:03:32,091 | INFO] from RCU 08ae
[2019-08-24 14:03:32,816 | INFO] from RCU 77d1
[2019-08-24 14:03:33,542 | INFO] from RCU 08ae
[2019-08-24 14:03:34,267 | INFO] from RCU 77d1
[2019-08-24 14:03:34,992 | INFO] from RCU 08ae
[2019-08-24 14:03:35,718 | INFO] from RCU 77d1
[2019-08-24 14:03:36,443 | INFO] from RCU 08ae
[2019-08-24 14:03:37,169 | INFO] from RCU 77d1
[2019-08-24 14:03:37,894 | INFO] from RCU 08ae
[2019-08-24 14:03:38,621 | INFO] from RCU 77d1
[2019-08-24 14:03:39,345 | INFO] from RCU 08ae
[2019-08-24 14:03:40,071 | INFO] from RCU 77d1
[2019-08-24 14:03:40,796 | INFO] from RCU 08ae
[2019-08-24 14:03:41,522 | INFO] from RCU 77d1
[2019-08-24 14:03:42,247 | INFO] from RCU 08ae
[2019-08-24 14:03:42,975 | INFO] from RCU 77d1
[2019-08-24 14:03:43,698 | INFO] from RCU 08ae
[2019-08-24 14:03:44,423 | INFO] from RCU 77d1
[2019-08-24 14:03:45,148 | INFO] from RCU 08ae
[2019-08-24 14:03:45,875 | INFO] from RCU 77d1
[2019-08-24 14:03:46,600 | INFO] from RCU 08ae
[2019-08-24 14:03:47,325 | INFO] from RCU 77d1
[2019-08-24 14:03:48,051 | INFO] from RCU 08ae
[2019-08-24 14:03:48,776 | INFO] from RCU 77d1
[2019-08-24 14:03:49,501 | INFO] from RCU 08ae
[2019-08-24 14:03:50,227 | INFO] from RCU 77d1
[2019-08-24 14:03:50,951 | INFO] from RCU 08ae
[2019-08-24 14:03:51,679 | INFO] from RCU 77d1
[2019-08-24 14:03:52,403 | INFO] from RCU 08ae
[2019-08-24 14:03:53,128 | INFO] from RCU 77d1
[2019-08-24 14:03:53,853 | INFO] from RCU 08ae
[2019-08-24 14:03:54,581 | INFO] from RCU 77d1
[2019-08-24 14:03:55,305 | INFO] from RCU 08ae
[2019-08-24 14:03:56,030 | INFO] from RCU 77d1
[2019-08-24 14:03:56,754 | INFO] from RCU 08ae
[2019-08-24 14:03:57,480 | INFO] from RCU 77d1
[2019-08-24 14:03:58,206 | INFO] from RCU 08ae
[2019-08-24 14:03:58,932 | INFO] from RCU 77d1
[2019-08-24 14:03:59,657 | INFO] from RCU 08ae
[2019-08-24 14:04:00,383 | INFO] from RCU 77d1
[2019-08-24 14:04:01,107 | INFO] from RCU 08ae
[2019-08-24 14:04:01,833 | INFO] from RCU 77d1
[2019-08-24 14:04:02,558 | INFO] from RCU 08ae
[2019-08-24 14:04:03,285 | INFO] from RCU 77d1
[2019-08-24 14:04:04,009 | INFO] from RCU 08ae
[2019-08-24 14:04:04,736 | INFO] from RCU 77d1
[2019-08-24 14:04:05,460 | INFO] from RCU 08ae
[2019-08-24 14:04:06,186 | INFO] from RCU 77d1
[2019-08-24 14:04:06,911 | INFO] from RCU 08ae
[2019-08-24 14:04:07,636 | INFO] from RCU 77d1
[2019-08-24 14:04:08,361 | INFO] from RCU 08ae
[2019-08-24 14:04:09,087 | INFO] from RCU 77d1
[2019-08-24 14:04:09,813 | INFO] from RCU 08ae
[2019-08-24 14:04:10,539 | INFO] from RCU 77d1
[2019-08-24 14:04:11,264 | INFO] from RCU 08ae
[2019-08-24 14:04:11,990 | INFO] from RCU 77d1
[2019-08-24 14:04:12,715 | INFO] from RCU 08ae
[2019-08-24 14:04:13,439 | INFO] from RCU 77d1
[2019-08-24 14:04:14,165 | INFO] from RCU 08ae
[2019-08-24 14:04:14,890 | INFO] from RCU 77d1
[2019-08-24 14:04:15,616 | INFO] from RCU 08ae
[2019-08-24 14:04:16,341 | INFO] from RCU 77d1
[2019-08-24 14:04:17,066 | INFO] from RCU 08ae
[2019-08-24 14:04:17,792 | INFO] from RCU 77d1
[2019-08-24 14:04:18,518 | INFO] from RCU 08ae
[2019-08-24 14:04:19,243 | INFO] from RCU 77d1
[2019-08-24 14:04:19,968 | INFO] from RCU 08ae
[2019-08-24 14:04:20,694 | INFO] from RCU 77d1
[2019-08-24 14:04:21,419 | INFO] from RCU 08ae
[2019-08-24 14:04:22,145 | INFO] from RCU 77d1
[2019-08-24 14:04:22,870 | INFO] from RCU 08ae
[2019-08-24 14:04:23,596 | INFO] from RCU 77d1
[2019-08-24 14:04:24,321 | INFO] from RCU 08ae
[2019-08-24 14:04:25,046 | INFO] from RCU 77d1
[2019-08-24 14:04:25,771 | INFO] from RCU 08ae
[2019-08-24 14:04:26,497 | INFO] from RCU 77d1
[2019-08-24 14:04:27,222 | INFO] from RCU 08ae
[2019-08-24 14:04:27,949 | INFO] from RCU 77d1
[2019-08-24 14:04:28,674 | INFO] from RCU 08ae
[2019-08-24 14:04:29,400 | INFO] from RCU 77d1
[2019-08-24 14:04:30,124 | INFO] from RCU 08ae
[2019-08-24 14:04:30,850 | INFO] from RCU 77d1
[2019-08-24 14:04:31,575 | INFO] from RCU 08ae
[2019-08-24 14:04:32,301 | INFO] from RCU 77d1
[2019-08-24 14:04:33,026 | INFO] from RCU 08ae
[2019-08-24 14:04:33,752 | INFO] from RCU 77d1
[2019-08-24 14:04:34,477 | INFO] from RCU 08ae
[2019-08-24 14:04:35,202 | INFO] from RCU 77d1
[2019-08-24 14:04:35,927 | INFO] from RCU 08ae
[2019-08-24 14:04:36,654 | INFO] from RCU 77d1
[2019-08-24 14:04:37,379 | INFO] from RCU 08ae
[2019-08-24 14:04:38,105 | INFO] from RCU 77d1
[2019-08-24 14:04:38,830 | INFO] from RCU 08ae
[2019-08-24 14:04:39,556 | INFO] from RCU 77d1
[2019-08-24 14:04:40,281 | INFO] from RCU 08ae
[2019-08-24 14:04:41,005 | INFO] from RCU 77d1
[2019-08-24 14:04:41,731 | INFO] from RCU 08ae
[2019-08-24 14:04:42,456 | INFO] from RCU 77d1
[2019-08-24 14:04:43,181 | INFO] from RCU 08ae
[2019-08-24 14:04:43,907 | INFO] from RCU 77d1
[2019-08-24 14:04:44,632 | INFO] from RCU 08ae
[2019-08-24 14:04:45,358 | INFO] from RCU 77d1
[2019-08-24 14:04:46,083 | INFO] from RCU 08ae
[2019-08-24 14:04:46,808 | INFO] from RCU 77d1
[2019-08-24 14:04:47,533 | INFO] from RCU 08ae
[2019-08-24 14:04:48,259 | INFO] from RCU 77d1
[2019-08-24 14:04:48,985 | INFO] from RCU 08ae
[2019-08-24 14:04:49,711 | INFO] from RCU 77d1
[2019-08-24 14:04:50,436 | INFO] from RCU 08ae
[2019-08-24 14:04:51,162 | INFO] from RCU 77d1
[2019-08-24 14:04:51,887 | INFO] from RCU 08ae
[2019-08-24 14:04:52,612 | INFO] from RCU 77d1
[2019-08-24 14:04:53,337 | INFO] from RCU 08ae
[2019-08-24 14:04:54,063 | INFO] from RCU 77d1
[2019-08-24 14:04:54,788 | INFO] from RCU 08ae
[2019-08-24 14:04:55,514 | INFO] from RCU 77d1
[2019-08-24 14:04:56,239 | INFO] from RCU 08ae
[2019-08-24 14:04:56,965 | INFO] from RCU 77d1
[2019-08-24 14:04:57,690 | INFO] from RCU 08ae
[2019-08-24 14:04:58,416 | INFO] from RCU 77d1
[2019-08-24 14:04:59,140 | INFO] from RCU 08ae
[2019-08-24 14:04:59,867 | INFO] from RCU 77d1
[2019-08-24 14:05:00,592 | INFO] from RCU 08ae
[2019-08-24 14:05:01,318 | INFO] from RCU 77d1
[2019-08-24 14:05:02,042 | INFO] from RCU 08ae
[2019-08-24 14:05:02,771 | INFO] from RCU 77d1
[2019-08-24 14:05:03,494 | INFO] from RCU 08ae
[2019-08-24 14:05:04,220 | INFO] from RCU 77d1
[2019-08-24 14:05:04,945 | INFO] from RCU 08ae
[2019-08-24 14:05:05,671 | INFO] from RCU 77d1
[2019-08-24 14:05:06,396 | INFO] from RCU 08ae
[2019-08-24 14:05:07,120 | INFO] from RCU 77d1
[2019-08-24 14:05:07,846 | INFO] from RCU 08ae
[2019-08-24 14:05:08,571 | INFO] from RCU 77d1
[2019-08-24 14:05:09,296 | INFO] from RCU 08ae
[2019-08-24 14:05:10,022 | INFO] from RCU 77d1
[2019-08-24 14:05:10,747 | INFO] from RCU 08ae
[2019-08-24 14:05:11,473 | INFO] from RCU 77d1
[2019-08-24 14:05:12,198 | INFO] from RCU 08ae
[2019-08-24 14:05:12,923 | INFO] from RCU 77d1
[2019-08-24 14:05:13,649 | INFO] from RCU 08ae
[2019-08-24 14:05:14,376 | INFO] from RCU 77d1
[2019-08-24 14:05:15,101 | INFO] from RCU 08ae
[2019-08-24 14:05:15,826 | INFO] from RCU 77d1
[2019-08-24 14:05:16,551 | INFO] from RCU 08ae
[2019-08-24 14:05:17,277 | INFO] from RCU 77d1
[2019-08-24 14:05:18,002 | INFO] from RCU 08ae
[2019-08-24 14:05:18,727 | INFO] from RCU 77d1
[2019-08-24 14:05:19,452 | INFO] from RCU 08ae
[2019-08-24 14:05:20,178 | INFO] from RCU 77d1
[2019-08-24 14:05:20,903 | INFO] from RCU 08ae
[2019-08-24 14:05:21,629 | INFO] from RCU 77d1
[2019-08-24 14:05:22,354 | INFO] from RCU 08ae
[2019-08-24 14:05:23,080 | INFO] from RCU 77d1
[2019-08-24 14:05:23,805 | INFO] from RCU 08ae
[2019-08-24 14:05:24,531 | INFO] from RCU 77d1
[2019-08-24 14:05:25,256 | INFO] from RCU 08ae
[2019-08-24 14:05:25,982 | INFO] from RCU 77d1
[2019-08-24 14:05:26,707 | INFO] from RCU 08ae
[2019-08-24 14:05:27,433 | INFO] from RCU 77d1
[2019-08-24 14:05:28,158 | INFO] from RCU 08ae
[2019-08-24 14:05:28,883 | INFO] from RCU 77d1
[2019-08-24 14:05:29,608 | INFO] from RCU 08ae
[2019-08-24 14:05:30,334 | INFO] from RCU 77d1
[2019-08-24 14:05:31,059 | INFO] from RCU 08ae
[2019-08-24 14:05:31,785 | INFO] from RCU 77d1
[2019-08-24 14:05:32,510 | INFO] from RCU 08ae
[2019-08-24 14:05:33,235 | INFO] from RCU 77d1
[2019-08-24 14:05:33,961 | INFO] from RCU 08ae
[2019-08-24 14:05:34,686 | INFO] from RCU 77d1
[2019-08-24 14:05:35,410 | INFO] from RCU 08ae
[2019-08-24 14:05:36,137 | INFO] from RCU 77d1
[2019-08-24 14:05:36,861 | INFO] from RCU 08ae
[2019-08-24 14:05:37,588 | INFO] from RCU 77d1
[2019-08-24 14:05:38,313 | INFO] from RCU 08ae
[2019-08-24 14:05:39,039 | INFO] from RCU 77d1
[2019-08-24 14:05:39,764 | INFO] from RCU 08ae
[2019-08-24 14:05:40,489 | INFO] from RCU 77d1
[2019-08-24 14:05:41,214 | INFO] from RCU 08ae
[2019-08-24 14:05:41,940 | INFO] from RCU 77d1
[2019-08-24 14:05:42,665 | INFO] from RCU 08ae
[2019-08-24 14:05:43,391 | INFO] from RCU 77d1
[2019-08-24 14:05:44,117 | INFO] from RCU 08ae
[2019-08-24 14:05:44,843 | INFO] from RCU 77d1
[2019-08-24 14:05:45,568 | INFO] from RCU 08ae
[2019-08-24 14:05:46,293 | INFO] from RCU 77d1
[2019-08-24 14:05:47,018 | INFO] from RCU 08ae
[2019-08-24 14:05:47,744 | INFO] from RCU 77d1
[2019-08-24 14:05:48,469 | INFO] from RCU 08ae
[2019-08-24 14:05:49,195 | INFO] from RCU 77d1
[2019-08-24 14:05:49,920 | INFO] from RCU 08ae
[2019-08-24 14:05:50,646 | INFO] from RCU 77d1
[2019-08-24 14:05:51,371 | INFO] from RCU 08ae
[2019-08-24 14:05:52,097 | INFO] from RCU 77d1
[2019-08-24 14:05:52,821 | INFO] from RCU 08ae
[2019-08-24 14:05:53,549 | INFO] from RCU 77d1
[2019-08-24 14:05:54,273 | INFO] from RCU 08ae
[2019-08-24 14:05:54,998 | INFO] from RCU 77d1
[2019-08-24 14:05:55,724 | INFO] from RCU 08ae
[2019-08-24 14:05:56,450 | INFO] from RCU 77d1
[2019-08-24 14:05:57,175 | INFO] from RCU 08ae
[2019-08-24 14:05:57,901 | INFO] from RCU 77d1
[2019-08-24 14:05:58,626 | INFO] from RCU 08ae
[2019-08-24 14:05:59,350 | INFO] from RCU 77d1
[2019-08-24 14:06:00,076 | INFO] from RCU 08ae
[2019-08-24 14:06:00,801 | INFO] from RCU 77d1
[2019-08-24 14:06:01,527 | INFO] from RCU 08ae
[2019-08-24 14:06:02,252 | INFO] from RCU 77d1
[2019-08-24 14:06:02,977 | INFO] from RCU 08ae
[2019-08-24 14:06:03,703 | INFO] from RCU 77d1
[2019-08-24 14:06:04,428 | INFO] from RCU 08ae
[2019-08-24 14:06:05,153 | INFO] from RCU 77d1
[2019-08-24 14:06:05,878 | INFO] from RCU 08ae
[2019-08-24 14:06:06,604 | INFO] from RCU 77d1
[2019-08-24 14:06:07,330 | INFO] from RCU 08ae
[2019-08-24 14:06:08,056 | INFO] from RCU 77d1
[2019-08-24 14:06:08,781 | INFO] from RCU 08ae
[2019-08-24 14:06:09,507 | INFO] from RCU 77d1
[2019-08-24 14:06:10,232 | INFO] from RCU 08ae
[2019-08-24 14:06:10,958 | INFO] from RCU 77d1
[2019-08-24 14:06:11,682 | INFO] from RCU 08ae
[2019-08-24 14:06:12,408 | INFO] from RCU 77d1
[2019-08-24 14:06:13,133 | INFO] from RCU 08ae
[2019-08-24 14:06:13,859 | INFO] from RCU 77d1
[2019-08-24 14:06:14,584 | INFO] from RCU 08ae
[2019-08-24 14:06:15,310 | INFO] from RCU 77d1
[2019-08-24 14:06:16,035 | INFO] from RCU 08ae
[2019-08-24 14:06:16,760 | INFO] from RCU 77d1
[2019-08-24 14:06:17,485 | INFO] from RCU 08ae
[2019-08-24 14:06:18,211 | INFO] from RCU 77d1
[2019-08-24 14:06:18,936 | INFO] from RCU 08ae
[2019-08-24 14:06:19,662 | INFO] from RCU 77d1
[2019-08-24 14:06:20,388 | INFO] from RCU 08ae
[2019-08-24 14:06:21,114 | INFO] from RCU 77d1
[2019-08-24 14:06:21,839 | INFO] from RCU 08ae
[2019-08-24 14:06:22,565 | INFO] from RCU 77d1
[2019-08-24 14:06:23,289 | INFO] from RCU 08ae
[2019-08-24 14:06:24,015 | INFO] from RCU 77d1
[2019-08-24 14:06:24,740 | INFO] from RCU 08ae
[2019-08-24 14:06:25,466 | INFO] from RCU 77d1
[2019-08-24 14:06:26,191 | INFO] from RCU 08ae
[2019-08-24 14:06:26,916 | INFO] from RCU 77d1
[2019-08-24 14:06:27,642 | INFO] from RCU 08ae
[2019-08-24 14:06:28,367 | INFO] from RCU 77d1
[2019-08-24 14:06:29,092 | INFO] from RCU 08ae
[2019-08-24 14:06:29,817 | INFO] from RCU 77d1
[2019-08-24 14:06:30,542 | INFO] from RCU 08ae
[2019-08-24 14:06:31,268 | INFO] from RCU 77d1
[2019-08-24 14:06:31,993 | INFO] from RCU 08ae
[2019-08-24 14:06:32,720 | INFO] from RCU 77d1
[2019-08-24 14:06:33,445 | INFO] from RCU 08ae
[2019-08-24 14:06:34,171 | INFO] from RCU 77d1
[2019-08-24 14:06:34,896 | INFO] from RCU 08ae
[2019-08-24 14:06:35,622 | INFO] from RCU 77d1
[2019-08-24 14:06:36,346 | INFO] from RCU 08ae
[2019-08-24 14:06:37,072 | INFO] from RCU 77d1
[2019-08-24 14:06:37,797 | INFO] from RCU 08ae
[2019-08-24 14:06:38,523 | INFO] from RCU 77d1
[2019-08-24 14:06:39,248 | INFO] from RCU 08ae
[2019-08-24 14:06:39,974 | INFO] from RCU 77d1
[2019-08-24 14:06:40,699 | INFO] from RCU 08ae
[2019-08-24 14:06:41,425 | INFO] from RCU 77d1
[2019-08-24 14:06:42,149 | INFO] from RCU 08ae
[2019-08-24 14:06:42,876 | INFO] from RCU 77d1
[2019-08-24 14:06:43,601 | INFO] from RCU 08ae
[2019-08-24 14:06:44,327 | INFO] from RCU 77d1
[2019-08-24 14:06:45,052 | INFO] from RCU 08ae
[2019-08-24 14:06:45,777 | INFO] from RCU 77d1
[2019-08-24 14:06:46,502 | INFO] from RCU 08ae
[2019-08-24 14:06:47,228 | INFO] from RCU 77d1
[2019-08-24 14:06:47,953 | INFO] from RCU 08ae
[2019-08-24 14:06:48,680 | INFO] from RCU 77d1
[2019-08-24 14:06:49,405 | INFO] from RCU 08ae
[2019-08-24 14:06:50,131 | INFO] from RCU 77d1
[2019-08-24 14:06:50,855 | INFO] from RCU 08ae
[2019-08-24 14:06:51,581 | INFO] from RCU 77d1
[2019-08-24 14:06:52,306 | INFO] from RCU 08ae
[2019-08-24 14:06:53,031 | INFO] from RCU 77d1
[2019-08-24 14:06:53,757 | INFO] from RCU 08ae
[2019-08-24 14:06:54,482 | INFO] from RCU 77d1
[2019-08-24 14:06:55,207 | INFO] from RCU 08ae
[2019-08-24 14:06:55,932 | INFO] from RCU 77d1
[2019-08-24 14:06:56,658 | INFO] from RCU 08ae
[2019-08-24 14:06:57,384 | INFO] from RCU 77d1
[2019-08-24 14:06:58,109 | INFO] from RCU 08ae
[2019-08-24 14:06:58,835 | INFO] from RCU 77d1
[2019-08-24 14:06:59,560 | INFO] from RCU 08ae
[2019-08-24 14:07:00,286 | INFO] from RCU 77d1
[2019-08-24 14:07:01,010 | INFO] from RCU 08ae
[2019-08-24 14:07:01,736 | INFO] from RCU 77d1
[2019-08-24 14:07:02,461 | INFO] from RCU 08ae
[2019-08-24 14:07:03,187 | INFO] from RCU 77d1
[2019-08-24 14:07:03,912 | INFO] from RCU 08ae
[2019-08-24 14:07:04,638 | INFO] from RCU 77d1
[2019-08-24 14:07:05,363 | INFO] from RCU 08ae
[2019-08-24 14:07:06,089 | INFO] from RCU 77d1
[2019-08-24 14:07:06,814 | INFO] from RCU 08ae
[2019-08-24 14:07:07,540 | INFO] from RCU 77d1
[2019-08-24 14:07:08,265 | INFO] from RCU 08ae
[2019-08-24 14:07:08,990 | INFO] from RCU 77d1
[2019-08-24 14:07:09,715 | INFO] from RCU 08ae
[2019-08-24 14:07:10,441 | INFO] from RCU 77d1
[2019-08-24 14:07:11,166 | INFO] from RCU 08ae
[2019-08-24 14:07:11,892 | INFO] from RCU 77d1
[2019-08-24 14:07:12,618 | INFO] from RCU 08ae
[2019-08-24 14:07:13,344 | INFO] from RCU 77d1
[2019-08-24 14:07:14,069 | INFO] from RCU 08ae
[2019-08-24 14:07:14,794 | INFO] from RCU 77d1
[2019-08-24 14:07:15,519 | INFO] from RCU 08ae
[2019-08-24 14:07:16,245 | INFO] from RCU 77d1
[2019-08-24 14:07:16,970 | INFO] from RCU 08ae
[2019-08-24 14:07:17,696 | INFO] from RCU 77d1
[2019-08-24 14:07:18,421 | INFO] from RCU 08ae
[2019-08-24 14:07:19,146 | INFO] from RCU 77d1
[2019-08-24 14:07:19,872 | INFO] from RCU 08ae
[2019-08-24 14:07:20,597 | INFO] from RCU 77d1
[2019-08-24 14:07:21,322 | INFO] from RCU 08ae
[2019-08-24 14:07:22,047 | INFO] from RCU 77d1
[2019-08-24 14:07:22,772 | INFO] from RCU 08ae
[2019-08-24 14:07:23,499 | INFO] from RCU 77d1
[2019-08-24 14:07:24,224 | INFO] from RCU 08ae
[2019-08-24 14:07:24,950 | INFO] from RCU 77d1
[2019-08-24 14:07:25,675 | INFO] from RCU 08ae
[2019-08-24 14:07:26,401 | INFO] from RCU 77d1
[2019-08-24 14:07:27,125 | INFO] from RCU 08ae
[2019-08-24 14:07:27,851 | INFO] from RCU 77d1
[2019-08-24 14:07:28,576 | INFO] from RCU 08ae
[2019-08-24 14:07:29,302 | INFO] from RCU 77d1
[2019-08-24 14:07:30,027 | INFO] from RCU 08ae
[2019-08-24 14:07:30,753 | INFO] from RCU 77d1
[2019-08-24 14:07:31,478 | INFO] from RCU 08ae
[2019-08-24 14:07:32,204 | INFO] from RCU 77d1
[2019-08-24 14:07:32,929 | INFO] from RCU 08ae
[2019-08-24 14:07:33,655 | INFO] from RCU 77d1
[2019-08-24 14:07:34,380 | INFO] from RCU 08ae
[2019-08-24 14:07:35,105 | INFO] from RCU 77d1
[2019-08-24 14:07:35,830 | INFO] from RCU 08ae
[2019-08-24 14:07:36,556 | INFO] from RCU 77d1
[2019-08-24 14:07:37,281 | INFO] from RCU 08ae
[2019-08-24 14:07:38,008 | INFO] from RCU 77d1
[2019-08-24 14:07:38,733 | INFO] from RCU 08ae
[2019-08-24 14:07:39,458 | INFO] from RCU 77d1
[2019-08-24 14:07:40,183 | INFO] from RCU 08ae
[2019-08-24 14:07:40,909 | INFO] from RCU 77d1
[2019-08-24 14:07:41,634 | INFO] from RCU 08ae
[2019-08-24 14:07:42,360 | INFO] from RCU 77d1
[2019-08-24 14:07:43,085 | INFO] from RCU 08ae
[2019-08-24 14:07:43,811 | INFO] from RCU 77d1
[2019-08-24 14:07:44,536 | INFO] from RCU 08ae
[2019-08-24 14:07:45,261 | INFO] from RCU 77d1
[2019-08-24 14:07:45,986 | INFO] from RCU 08ae
[2019-08-24 14:07:46,712 | INFO] from RCU 77d1
[2019-08-24 14:07:47,437 | INFO] from RCU 08ae
[2019-08-24 14:07:48,163 | INFO] from RCU 77d1
[2019-08-24 14:07:48,888 | INFO] from RCU 08ae
[2019-08-24 14:07:49,614 | INFO] from RCU 77d1
[2019-08-24 14:07:50,339 | INFO] from RCU 08ae
[2019-08-24 14:07:51,065 | INFO] from RCU 77d1
[2019-08-24 14:07:51,789 | INFO] from RCU 08ae
[2019-08-24 14:07:52,515 | INFO] from RCU 77d1
[2019-08-24 14:07:53,240 | INFO] from RCU 08ae
[2019-08-24 14:07:53,966 | INFO] from RCU 77d1
[2019-08-24 14:07:54,691 | INFO] from RCU 08ae
[2019-08-24 14:07:54,735 | INFO] Sending kill to threads...
[2019-08-24 14:07:54,759 | INFO] Receiver thread terminated
[2019-08-24 14:07:55,554 | INFO] Sender thread terminated
[2019-08-24 14:07:55,555 | INFO] Program terminated
