[2019-08-31 12:21:50,851 | INFO] starting up on 172.16.2.191 port 39001
[2019-08-31 12:21:50,852 | INFO] Sender thread is now running...
[2019-08-31 12:21:50,852 | INFO] Receiver thread is now running...
[2019-08-31 12:21:50,925 | INFO] e6
[2019-08-31 12:21:50,926 | INFO] f9
[2019-08-31 12:21:50,927 | INFO] ef
[2019-08-31 12:21:50,927 | INFO] f7
[2019-08-31 12:21:50,928 | INFO] 4f
[2019-08-31 12:21:50,929 | INFO] 1a
[2019-08-31 12:21:50,929 | INFO] 24
[2019-08-31 12:21:50,930 | INFO] 6f
[2019-08-31 12:21:51,025 | INFO] 81
[2019-08-31 12:21:51,026 | INFO] be
[2019-08-31 12:21:51,026 | INFO] 4f
[2019-08-31 12:21:51,027 | INFO] c6
[2019-08-31 12:21:51,028 | INFO] e6
[2019-08-31 12:21:51,028 | INFO] f9
[2019-08-31 12:21:51,029 | INFO] ef
[2019-08-31 12:21:51,030 | INFO] f7
[2019-08-31 12:21:51,128 | INFO] 4f
[2019-08-31 12:21:51,129 | INFO] 1a
[2019-08-31 12:21:51,130 | INFO] 24
[2019-08-31 12:21:51,130 | INFO] 6f
[2019-08-31 12:21:51,131 | INFO] 81
[2019-08-31 12:21:51,131 | INFO] be
[2019-08-31 12:21:51,132 | INFO] 4e
[2019-08-31 12:21:51,132 | INFO] c6
[2019-08-31 12:21:51,236 | INFO] e6
[2019-08-31 12:21:51,237 | INFO] f9
[2019-08-31 12:21:51,237 | INFO] ef
[2019-08-31 12:21:51,238 | INFO] f7
[2019-08-31 12:21:51,238 | INFO] 4e
[2019-08-31 12:21:51,239 | INFO] 1a
[2019-08-31 12:21:51,239 | INFO] 24
[2019-08-31 12:21:51,240 | INFO] 6f
[2019-08-31 12:21:51,329 | INFO] 81
[2019-08-31 12:21:51,330 | INFO] be
[2019-08-31 12:21:51,330 | INFO] 4e
[2019-08-31 12:21:51,331 | INFO] c6
[2019-08-31 12:21:51,331 | INFO] e6
[2019-08-31 12:21:51,332 | INFO] f9
[2019-08-31 12:21:51,332 | INFO] ef
[2019-08-31 12:21:51,333 | INFO] f7
[2019-08-31 12:21:51,428 | INFO] 4e
[2019-08-31 12:21:51,430 | INFO] 1a
[2019-08-31 12:21:51,432 | INFO] 24
[2019-08-31 12:21:51,433 | INFO] 6f
[2019-08-31 12:21:51,435 | INFO] 81
[2019-08-31 12:21:51,437 | INFO] be
[2019-08-31 12:21:51,438 | INFO] 4e
[2019-08-31 12:21:51,440 | INFO] c6
[2019-08-31 12:21:51,527 | INFO] e6
[2019-08-31 12:21:51,528 | INFO] f9
[2019-08-31 12:21:51,528 | INFO] ef
[2019-08-31 12:21:51,529 | INFO] f7
[2019-08-31 12:21:51,530 | INFO] 4f
[2019-08-31 12:21:51,530 | INFO] 1a
[2019-08-31 12:21:51,531 | INFO] 24
[2019-08-31 12:21:51,532 | INFO] 6f
[2019-08-31 12:21:51,627 | INFO] 81
[2019-08-31 12:21:51,628 | INFO] be
[2019-08-31 12:21:51,629 | INFO] 4f
[2019-08-31 12:21:51,629 | INFO] c6
[2019-08-31 12:21:51,629 | INFO] e6
[2019-08-31 12:21:51,630 | INFO] f9
[2019-08-31 12:21:51,630 | INFO] ef
[2019-08-31 12:21:51,631 | INFO] f7
[2019-08-31 12:21:51,736 | INFO] 4e
[2019-08-31 12:21:51,737 | INFO] 1a
[2019-08-31 12:21:51,738 | INFO] 24
[2019-08-31 12:21:51,740 | INFO] 6f
[2019-08-31 12:21:51,741 | INFO] 81
[2019-08-31 12:21:51,742 | INFO] be
[2019-08-31 12:21:51,743 | INFO] 4f
[2019-08-31 12:21:51,744 | INFO] c6
[2019-08-31 12:21:51,825 | INFO] e6
[2019-08-31 12:21:51,826 | INFO] f9
[2019-08-31 12:21:51,827 | INFO] ef
[2019-08-31 12:21:51,828 | INFO] f7
[2019-08-31 12:21:51,829 | INFO] 4f
[2019-08-31 12:21:51,829 | INFO] 1a
[2019-08-31 12:21:51,830 | INFO] 24
[2019-08-31 12:21:51,830 | INFO] 6f
[2019-08-31 12:21:51,929 | INFO] 81
[2019-08-31 12:21:51,929 | INFO] be
[2019-08-31 12:21:51,930 | INFO] 4e
[2019-08-31 12:21:51,930 | INFO] c6
[2019-08-31 12:21:51,931 | INFO] e6
[2019-08-31 12:21:51,932 | INFO] f9
[2019-08-31 12:21:51,932 | INFO] ef
[2019-08-31 12:21:51,933 | INFO] f7
[2019-08-31 12:21:52,027 | INFO] 4e
[2019-08-31 12:21:52,028 | INFO] 1a
[2019-08-31 12:21:52,029 | INFO] 24
[2019-08-31 12:21:52,030 | INFO] 6f
[2019-08-31 12:21:52,031 | INFO] 81
[2019-08-31 12:21:52,032 | INFO] be
[2019-08-31 12:21:52,033 | INFO] 4f
[2019-08-31 12:21:52,033 | INFO] c6
[2019-08-31 12:21:52,129 | INFO] e6
[2019-08-31 12:21:52,130 | INFO] f9
[2019-08-31 12:21:52,132 | INFO] ef
[2019-08-31 12:21:52,133 | INFO] f7
[2019-08-31 12:21:52,134 | INFO] 4e
[2019-08-31 12:21:52,135 | INFO] 1a
[2019-08-31 12:21:52,136 | INFO] 24
[2019-08-31 12:21:52,137 | INFO] 6f
[2019-08-31 12:21:52,231 | INFO] 81
[2019-08-31 12:21:52,231 | INFO] be
[2019-08-31 12:21:52,232 | INFO] 4e
[2019-08-31 12:21:52,233 | INFO] c6
[2019-08-31 12:21:52,233 | INFO] e6
[2019-08-31 12:21:52,233 | INFO] f9
[2019-08-31 12:21:52,234 | INFO] ef
[2019-08-31 12:21:52,234 | INFO] f7
[2019-08-31 12:21:52,326 | INFO] 4e
[2019-08-31 12:21:52,327 | INFO] 1a
[2019-08-31 12:21:52,327 | INFO] 24
[2019-08-31 12:21:52,328 | INFO] 6f
[2019-08-31 12:21:52,328 | INFO] 81
[2019-08-31 12:21:52,329 | INFO] be
[2019-08-31 12:21:52,329 | INFO] 4e
[2019-08-31 12:21:52,330 | INFO] c6
[2019-08-31 12:21:52,425 | INFO] e6
[2019-08-31 12:21:52,427 | INFO] f9
[2019-08-31 12:21:52,428 | INFO] ef
[2019-08-31 12:21:52,430 | INFO] f7
[2019-08-31 12:21:52,432 | INFO] 4e
[2019-08-31 12:21:52,434 | INFO] 1a
[2019-08-31 12:21:52,435 | INFO] 24
[2019-08-31 12:21:52,437 | INFO] 6f
[2019-08-31 12:21:52,529 | INFO] 81
[2019-08-31 12:21:52,530 | INFO] be
[2019-08-31 12:21:52,531 | INFO] 4f
[2019-08-31 12:21:52,531 | INFO] c6
[2019-08-31 12:21:52,532 | INFO] e6
[2019-08-31 12:21:52,532 | INFO] f9
[2019-08-31 12:21:52,533 | INFO] ef
[2019-08-31 12:21:52,533 | INFO] f7
[2019-08-31 12:21:52,626 | INFO] 4f
[2019-08-31 12:21:52,627 | INFO] 1a
[2019-08-31 12:21:52,628 | INFO] 24
[2019-08-31 12:21:52,628 | INFO] 6f
[2019-08-31 12:21:52,629 | INFO] 81
[2019-08-31 12:21:52,629 | INFO] be
[2019-08-31 12:21:52,630 | INFO] 4f
[2019-08-31 12:21:52,630 | INFO] c6
[2019-08-31 12:21:52,734 | INFO] e6
[2019-08-31 12:21:52,735 | INFO] f9
[2019-08-31 12:21:52,736 | INFO] ef
[2019-08-31 12:21:52,738 | INFO] f7
[2019-08-31 12:21:52,739 | INFO] 4f
[2019-08-31 12:21:52,740 | INFO] 1a
[2019-08-31 12:21:52,741 | INFO] 24
[2019-08-31 12:21:52,742 | INFO] 6f
[2019-08-31 12:21:52,828 | INFO] 81
[2019-08-31 12:21:52,829 | INFO] be
[2019-08-31 12:21:52,829 | INFO] 4f
[2019-08-31 12:21:52,830 | INFO] c6
[2019-08-31 12:21:52,830 | INFO] e6
[2019-08-31 12:21:52,831 | INFO] f9
[2019-08-31 12:21:52,832 | INFO] ef
[2019-08-31 12:21:52,832 | INFO] f7
[2019-08-31 12:21:52,925 | INFO] 4e
[2019-08-31 12:21:52,926 | INFO] 1a
[2019-08-31 12:21:52,926 | INFO] 24
[2019-08-31 12:21:52,927 | INFO] 6f
[2019-08-31 12:21:52,927 | INFO] 81
[2019-08-31 12:21:52,928 | INFO] be
[2019-08-31 12:21:52,928 | INFO] 4e
[2019-08-31 12:21:52,929 | INFO] c6
[2019-08-31 12:21:53,027 | INFO] e6
[2019-08-31 12:21:53,028 | INFO] f9
[2019-08-31 12:21:53,028 | INFO] ef
[2019-08-31 12:21:53,029 | INFO] f7
[2019-08-31 12:21:53,029 | INFO] 4e
[2019-08-31 12:21:53,030 | INFO] 1a
[2019-08-31 12:21:53,030 | INFO] 24
[2019-08-31 12:21:53,031 | INFO] 6f
[2019-08-31 12:21:53,125 | INFO] 81
[2019-08-31 12:21:53,126 | INFO] be
[2019-08-31 12:21:53,128 | INFO] 4e
[2019-08-31 12:21:53,129 | INFO] c6
[2019-08-31 12:21:53,130 | INFO] e6
[2019-08-31 12:21:53,131 | INFO] f9
[2019-08-31 12:21:53,132 | INFO] ef
[2019-08-31 12:21:53,133 | INFO] f7
[2019-08-31 12:21:53,234 | INFO] 4e
[2019-08-31 12:21:53,235 | INFO] 1a
[2019-08-31 12:21:53,236 | INFO] 24
[2019-08-31 12:21:53,236 | INFO] 6f
[2019-08-31 12:21:53,237 | INFO] 81
[2019-08-31 12:21:53,238 | INFO] be
[2019-08-31 12:21:53,238 | INFO] 4e
[2019-08-31 12:21:53,239 | INFO] c6
[2019-08-31 12:21:53,329 | INFO] e6
[2019-08-31 12:21:53,329 | INFO] f9
[2019-08-31 12:21:53,330 | INFO] ef
[2019-08-31 12:21:53,331 | INFO] f7
[2019-08-31 12:21:53,331 | INFO] 4e
[2019-08-31 12:21:53,332 | INFO] 1a
[2019-08-31 12:21:53,332 | INFO] 24
[2019-08-31 12:21:53,333 | INFO] 6f
[2019-08-31 12:21:53,424 | INFO] 81
[2019-08-31 12:21:53,425 | INFO] be
[2019-08-31 12:21:53,425 | INFO] 4e
[2019-08-31 12:21:53,426 | INFO] c6
[2019-08-31 12:21:53,426 | INFO] e6
[2019-08-31 12:21:53,427 | INFO] f9
[2019-08-31 12:21:53,427 | INFO] ef
[2019-08-31 12:21:53,428 | INFO] f7
[2019-08-31 12:21:53,529 | INFO] 4e
[2019-08-31 12:21:53,529 | INFO] 1a
[2019-08-31 12:21:53,530 | INFO] 24
[2019-08-31 12:21:53,530 | INFO] 6f
[2019-08-31 12:21:53,531 | INFO] 81
[2019-08-31 12:21:53,532 | INFO] be
[2019-08-31 12:21:53,533 | INFO] 4e
[2019-08-31 12:21:53,534 | INFO] c6
[2019-08-31 12:21:53,625 | INFO] e6
[2019-08-31 12:21:53,625 | INFO] f9
[2019-08-31 12:21:53,626 | INFO] ef
[2019-08-31 12:21:53,626 | INFO] f7
[2019-08-31 12:21:53,627 | INFO] 4e
[2019-08-31 12:21:53,628 | INFO] 1a
[2019-08-31 12:21:53,628 | INFO] 24
[2019-08-31 12:21:53,628 | INFO] 6f
[2019-08-31 12:21:53,732 | INFO] 81
[2019-08-31 12:21:53,733 | INFO] be
[2019-08-31 12:21:53,734 | INFO] 4e
[2019-08-31 12:21:53,734 | INFO] c6
[2019-08-31 12:21:53,735 | INFO] e6
[2019-08-31 12:21:53,735 | INFO] f9
[2019-08-31 12:21:53,736 | INFO] ef
[2019-08-31 12:21:53,736 | INFO] f7
[2019-08-31 12:21:53,824 | INFO] 4e
[2019-08-31 12:21:53,825 | INFO] 1a
[2019-08-31 12:21:53,826 | INFO] 24
[2019-08-31 12:21:53,826 | INFO] 6f
[2019-08-31 12:21:53,827 | INFO] 81
[2019-08-31 12:21:53,827 | INFO] be
[2019-08-31 12:21:53,828 | INFO] 4e
[2019-08-31 12:21:53,828 | INFO] c6
[2019-08-31 12:21:53,930 | INFO] e6
[2019-08-31 12:21:53,931 | INFO] f9
[2019-08-31 12:21:53,933 | INFO] ef
[2019-08-31 12:21:53,934 | INFO] f7
[2019-08-31 12:21:53,936 | INFO] 4e
[2019-08-31 12:21:53,937 | INFO] 1a
[2019-08-31 12:21:53,938 | INFO] 24
[2019-08-31 12:21:53,939 | INFO] 6f
[2019-08-31 12:21:54,030 | INFO] 81
[2019-08-31 12:21:54,031 | INFO] be
[2019-08-31 12:21:54,031 | INFO] 4e
[2019-08-31 12:21:54,032 | INFO] c6
[2019-08-31 12:21:54,032 | INFO] e6
[2019-08-31 12:21:54,033 | INFO] f9
[2019-08-31 12:21:54,033 | INFO] ef
[2019-08-31 12:21:54,034 | INFO] f7
[2019-08-31 12:21:54,126 | INFO] 4e
[2019-08-31 12:21:54,127 | INFO] 1a
[2019-08-31 12:21:54,127 | INFO] 24
[2019-08-31 12:21:54,128 | INFO] 6f
[2019-08-31 12:21:54,129 | INFO] 81
[2019-08-31 12:21:54,129 | INFO] be
[2019-08-31 12:21:54,130 | INFO] 4e
[2019-08-31 12:21:54,130 | INFO] c6
[2019-08-31 12:21:54,240 | INFO] e6
[2019-08-31 12:21:54,242 | INFO] f9
[2019-08-31 12:21:54,244 | INFO] ef
[2019-08-31 12:21:54,245 | INFO] f7
[2019-08-31 12:21:54,247 | INFO] 4e
[2019-08-31 12:21:54,249 | INFO] 1a
[2019-08-31 12:21:54,250 | INFO] 24
[2019-08-31 12:21:54,252 | INFO] 6f
[2019-08-31 12:21:54,330 | INFO] 81
[2019-08-31 12:21:54,331 | INFO] be
[2019-08-31 12:21:54,332 | INFO] 4e
[2019-08-31 12:21:54,333 | INFO] c6
[2019-08-31 12:21:54,333 | INFO] e6
[2019-08-31 12:21:54,334 | INFO] f9
[2019-08-31 12:21:54,334 | INFO] ef
[2019-08-31 12:21:54,335 | INFO] f7
[2019-08-31 12:21:54,429 | INFO] 4e
[2019-08-31 12:21:54,430 | INFO] 1a
[2019-08-31 12:21:54,431 | INFO] 24
[2019-08-31 12:21:54,431 | INFO] 6f
[2019-08-31 12:21:54,432 | INFO] 81
[2019-08-31 12:21:54,432 | INFO] be
[2019-08-31 12:21:54,433 | INFO] 4e
[2019-08-31 12:21:54,433 | INFO] c6
[2019-08-31 12:21:54,526 | INFO] e6
[2019-08-31 12:21:54,527 | INFO] f9
[2019-08-31 12:21:54,528 | INFO] ef
[2019-08-31 12:21:54,529 | INFO] f7
[2019-08-31 12:21:54,530 | INFO] 4e
[2019-08-31 12:21:54,531 | INFO] 1a
[2019-08-31 12:21:54,532 | INFO] 24
[2019-08-31 12:21:54,533 | INFO] 6f
[2019-08-31 12:21:54,624 | INFO] 81
[2019-08-31 12:21:54,625 | INFO] be
[2019-08-31 12:21:54,626 | INFO] 4e
[2019-08-31 12:21:54,626 | INFO] c6
[2019-08-31 12:21:54,627 | INFO] e6
[2019-08-31 12:21:54,628 | INFO] f9
[2019-08-31 12:21:54,628 | INFO] ef
[2019-08-31 12:21:54,629 | INFO] f7
[2019-08-31 12:21:54,728 | INFO] 4e
[2019-08-31 12:21:54,729 | INFO] 1a
[2019-08-31 12:21:54,729 | INFO] 24
[2019-08-31 12:21:54,730 | INFO] 6f
[2019-08-31 12:21:54,731 | INFO] 81
[2019-08-31 12:21:54,731 | INFO] be
[2019-08-31 12:21:54,732 | INFO] 4e
[2019-08-31 12:21:54,732 | INFO] c6
[2019-08-31 12:21:54,777 | INFO] Sending kill to threads...
[2019-08-31 12:21:54,799 | INFO] Sender thread terminated
[2019-08-31 12:21:54,825 | INFO] e6
[2019-08-31 12:21:54,826 | INFO] Receiver thread terminated
[2019-08-31 12:21:54,827 | INFO] Program terminated
[2019-08-31 12:22:23,157 | INFO] starting up on 172.16.2.191 port 39001
[2019-08-31 12:22:23,159 | INFO] Sender thread is now running...
[2019-08-31 12:22:23,159 | INFO] Receiver thread is now running...
[2019-08-31 12:22:23,228 | INFO] 4e
[2019-08-31 12:22:23,229 | INFO] 1a
[2019-08-31 12:22:23,229 | INFO] 24
[2019-08-31 12:22:23,230 | INFO] 6f
[2019-08-31 12:22:23,230 | INFO] 81
[2019-08-31 12:22:23,231 | INFO] be
[2019-08-31 12:22:23,232 | INFO] 4e
[2019-08-31 12:22:23,232 | INFO] c6
[2019-08-31 12:22:23,346 | INFO] e6
[2019-08-31 12:22:23,347 | INFO] f9
[2019-08-31 12:22:23,347 | INFO] ef
[2019-08-31 12:22:23,348 | INFO] f7
[2019-08-31 12:22:23,349 | INFO] 4e
[2019-08-31 12:22:23,349 | INFO] 1a
[2019-08-31 12:22:23,350 | INFO] 24
[2019-08-31 12:22:23,350 | INFO] 6f
[2019-08-31 12:22:23,430 | INFO] 81
[2019-08-31 12:22:23,431 | INFO] be
[2019-08-31 12:22:23,432 | INFO] 4e
[2019-08-31 12:22:23,432 | INFO] c6
[2019-08-31 12:22:23,433 | INFO] e6
[2019-08-31 12:22:23,433 | INFO] f9
[2019-08-31 12:22:23,434 | INFO] ef
[2019-08-31 12:22:23,434 | INFO] f7
[2019-08-31 12:22:23,526 | INFO] 4e
[2019-08-31 12:22:23,527 | INFO] 1a
[2019-08-31 12:22:23,527 | INFO] 24
[2019-08-31 12:22:23,528 | INFO] 6f
[2019-08-31 12:22:23,529 | INFO] 81
[2019-08-31 12:22:23,529 | INFO] be
[2019-08-31 12:22:23,530 | INFO] 4e
[2019-08-31 12:22:23,530 | INFO] c6
[2019-08-31 12:22:23,625 | INFO] e6
[2019-08-31 12:22:23,627 | INFO] f9
[2019-08-31 12:22:23,628 | INFO] ef
[2019-08-31 12:22:23,629 | INFO] f7
[2019-08-31 12:22:23,630 | INFO] 4e
[2019-08-31 12:22:23,631 | INFO] 1a
[2019-08-31 12:22:23,632 | INFO] 24
[2019-08-31 12:22:23,634 | INFO] 6f
[2019-08-31 12:22:23,730 | INFO] 81
[2019-08-31 12:22:23,731 | INFO] be
[2019-08-31 12:22:23,731 | INFO] 4e
[2019-08-31 12:22:23,732 | INFO] c6
[2019-08-31 12:22:23,732 | INFO] e6
[2019-08-31 12:22:23,733 | INFO] f9
[2019-08-31 12:22:23,733 | INFO] ef
[2019-08-31 12:22:23,734 | INFO] f7
[2019-08-31 12:22:23,829 | INFO] 4e
[2019-08-31 12:22:23,830 | INFO] 1a
[2019-08-31 12:22:23,830 | INFO] 24
[2019-08-31 12:22:23,831 | INFO] 6f
[2019-08-31 12:22:23,831 | INFO] 81
[2019-08-31 12:22:23,832 | INFO] be
[2019-08-31 12:22:23,833 | INFO] 4e
[2019-08-31 12:22:23,833 | INFO] c6
[2019-08-31 12:22:23,923 | INFO] e6
[2019-08-31 12:22:23,925 | INFO] f9
[2019-08-31 12:22:23,927 | INFO] ef
[2019-08-31 12:22:23,929 | INFO] f7
[2019-08-31 12:22:23,931 | INFO] 4e
[2019-08-31 12:22:23,932 | INFO] 1a
[2019-08-31 12:22:23,934 | INFO] 24
[2019-08-31 12:22:23,936 | INFO] 6f
[2019-08-31 12:22:24,027 | INFO] 81
[2019-08-31 12:22:24,028 | INFO] be
[2019-08-31 12:22:24,029 | INFO] 4e
[2019-08-31 12:22:24,030 | INFO] c6
[2019-08-31 12:22:24,031 | INFO] e6
[2019-08-31 12:22:24,031 | INFO] f9
[2019-08-31 12:22:24,031 | INFO] ef
[2019-08-31 12:22:24,032 | INFO] f7
[2019-08-31 12:22:24,126 | INFO] 4e
[2019-08-31 12:22:24,127 | INFO] 1a
[2019-08-31 12:22:24,127 | INFO] 24
[2019-08-31 12:22:24,128 | INFO] 6f
[2019-08-31 12:22:24,128 | INFO] 81
[2019-08-31 12:22:24,129 | INFO] be
[2019-08-31 12:22:24,129 | INFO] 4e
[2019-08-31 12:22:24,130 | INFO] c6
[2019-08-31 12:22:24,224 | INFO] e6
[2019-08-31 12:22:24,224 | INFO] f9
[2019-08-31 12:22:24,225 | INFO] ef
[2019-08-31 12:22:24,226 | INFO] f7
[2019-08-31 12:22:24,226 | INFO] 4e
[2019-08-31 12:22:24,227 | INFO] 1a
[2019-08-31 12:22:24,227 | INFO] 24
[2019-08-31 12:22:24,228 | INFO] 6f
[2019-08-31 12:22:24,342 | INFO] 81
[2019-08-31 12:22:24,343 | INFO] be
[2019-08-31 12:22:24,345 | INFO] 4e
[2019-08-31 12:22:24,346 | INFO] c6
[2019-08-31 12:22:24,348 | INFO] e6
[2019-08-31 12:22:24,349 | INFO] f9
[2019-08-31 12:22:24,350 | INFO] ef
[2019-08-31 12:22:24,352 | INFO] f7
[2019-08-31 12:22:24,428 | INFO] 4e
[2019-08-31 12:22:24,429 | INFO] 1a
[2019-08-31 12:22:24,429 | INFO] 24
[2019-08-31 12:22:24,430 | INFO] 6f
[2019-08-31 12:22:24,430 | INFO] 81
[2019-08-31 12:22:24,431 | INFO] be
[2019-08-31 12:22:24,431 | INFO] 4e
[2019-08-31 12:22:24,432 | INFO] c6
[2019-08-31 12:22:24,526 | INFO] e6
[2019-08-31 12:22:24,527 | INFO] f9
[2019-08-31 12:22:24,528 | INFO] ef
[2019-08-31 12:22:24,529 | INFO] f7
[2019-08-31 12:22:24,530 | INFO] 4e
[2019-08-31 12:22:24,531 | INFO] 1a
[2019-08-31 12:22:24,532 | INFO] 24
[2019-08-31 12:22:24,532 | INFO] 6f
[2019-08-31 12:22:24,628 | INFO] 81
[2019-08-31 12:22:24,629 | INFO] be
[2019-08-31 12:22:24,630 | INFO] 4e
[2019-08-31 12:22:24,630 | INFO] c6
[2019-08-31 12:22:24,631 | INFO] e6
[2019-08-31 12:22:24,632 | INFO] f9
[2019-08-31 12:22:24,632 | INFO] ef
[2019-08-31 12:22:24,633 | INFO] f7
[2019-08-31 12:22:24,726 | INFO] 4e
[2019-08-31 12:22:24,726 | INFO] 1a
[2019-08-31 12:22:24,727 | INFO] 24
[2019-08-31 12:22:24,728 | INFO] 6f
[2019-08-31 12:22:24,728 | INFO] 81
[2019-08-31 12:22:24,729 | INFO] be
[2019-08-31 12:22:24,729 | INFO] 4e
[2019-08-31 12:22:24,730 | INFO] c6
[2019-08-31 12:22:24,827 | INFO] e6
[2019-08-31 12:22:24,829 | INFO] f9
[2019-08-31 12:22:24,830 | INFO] ef
[2019-08-31 12:22:24,832 | INFO] f7
[2019-08-31 12:22:24,834 | INFO] 4e
[2019-08-31 12:22:24,836 | INFO] 1a
[2019-08-31 12:22:24,837 | INFO] 24
[2019-08-31 12:22:24,840 | INFO] 6f
[2019-08-31 12:22:24,931 | INFO] 81
[2019-08-31 12:22:24,932 | INFO] be
[2019-08-31 12:22:24,933 | INFO] 4e
[2019-08-31 12:22:24,933 | INFO] c6
[2019-08-31 12:22:24,934 | INFO] e6
[2019-08-31 12:22:24,934 | INFO] f9
[2019-08-31 12:22:24,935 | INFO] ef
[2019-08-31 12:22:24,935 | INFO] f7
[2019-08-31 12:22:25,028 | INFO] 4e
[2019-08-31 12:22:25,029 | INFO] 1a
[2019-08-31 12:22:25,030 | INFO] 24
[2019-08-31 12:22:25,030 | INFO] 6f
[2019-08-31 12:22:25,031 | INFO] 81
[2019-08-31 12:22:25,031 | INFO] be
[2019-08-31 12:22:25,032 | INFO] 4e
[2019-08-31 12:22:25,032 | INFO] c6
[2019-08-31 12:22:25,126 | INFO] e6
[2019-08-31 12:22:25,128 | INFO] f9
[2019-08-31 12:22:25,130 | INFO] ef
[2019-08-31 12:22:25,132 | INFO] f7
[2019-08-31 12:22:25,134 | INFO] 4e
[2019-08-31 12:22:25,135 | INFO] 1a
[2019-08-31 12:22:25,137 | INFO] 24
[2019-08-31 12:22:25,139 | INFO] 6f
[2019-08-31 12:22:25,225 | INFO] 81
[2019-08-31 12:22:25,226 | INFO] be
[2019-08-31 12:22:25,227 | INFO] 4e
[2019-08-31 12:22:25,228 | INFO] c6
[2019-08-31 12:22:25,228 | INFO] e6
[2019-08-31 12:22:25,229 | INFO] f9
[2019-08-31 12:22:25,229 | INFO] ef
[2019-08-31 12:22:25,230 | INFO] f7
[2019-08-31 12:22:25,342 | INFO] 4e
[2019-08-31 12:22:25,342 | INFO] 1a
[2019-08-31 12:22:25,343 | INFO] 24
[2019-08-31 12:22:25,343 | INFO] 6f
[2019-08-31 12:22:25,344 | INFO] 81
[2019-08-31 12:22:25,344 | INFO] be
[2019-08-31 12:22:25,345 | INFO] 4e
[2019-08-31 12:22:25,345 | INFO] c6
[2019-08-31 12:22:25,424 | INFO] e6
[2019-08-31 12:22:25,425 | INFO] f9
[2019-08-31 12:22:25,425 | INFO] ef
[2019-08-31 12:22:25,426 | INFO] f7
[2019-08-31 12:22:25,427 | INFO] 4e
[2019-08-31 12:22:25,428 | INFO] 1a
[2019-08-31 12:22:25,429 | INFO] 24
[2019-08-31 12:22:25,430 | INFO] 6f
[2019-08-31 12:22:25,529 | INFO] 81
[2019-08-31 12:22:25,530 | INFO] be
[2019-08-31 12:22:25,531 | INFO] 4e
[2019-08-31 12:22:25,531 | INFO] c6
[2019-08-31 12:22:25,532 | INFO] e6
[2019-08-31 12:22:25,532 | INFO] f9
[2019-08-31 12:22:25,533 | INFO] ef
[2019-08-31 12:22:25,533 | INFO] f7
[2019-08-31 12:22:25,626 | INFO] 4e
[2019-08-31 12:22:25,627 | INFO] 1a
[2019-08-31 12:22:25,627 | INFO] 24
[2019-08-31 12:22:25,628 | INFO] 6f
[2019-08-31 12:22:25,628 | INFO] 81
[2019-08-31 12:22:25,629 | INFO] be
[2019-08-31 12:22:25,629 | INFO] 4e
[2019-08-31 12:22:25,630 | INFO] c6
[2019-08-31 12:22:25,732 | INFO] e6
[2019-08-31 12:22:25,734 | INFO] f9
[2019-08-31 12:22:25,736 | INFO] ef
[2019-08-31 12:22:25,737 | INFO] f7
[2019-08-31 12:22:25,739 | INFO] 4e
[2019-08-31 12:22:25,741 | INFO] 1a
[2019-08-31 12:22:25,743 | INFO] 24
[2019-08-31 12:22:25,745 | INFO] 6f
[2019-08-31 12:22:25,828 | INFO] 81
[2019-08-31 12:22:25,828 | INFO] be
[2019-08-31 12:22:25,829 | INFO] 4e
[2019-08-31 12:22:25,830 | INFO] c6
[2019-08-31 12:22:25,830 | INFO] e6
[2019-08-31 12:22:25,831 | INFO] f9
[2019-08-31 12:22:25,831 | INFO] ef
[2019-08-31 12:22:25,832 | INFO] f7
[2019-08-31 12:22:25,926 | INFO] 4e
[2019-08-31 12:22:25,926 | INFO] 1a
[2019-08-31 12:22:25,927 | INFO] 24
[2019-08-31 12:22:25,928 | INFO] 6f
[2019-08-31 12:22:25,928 | INFO] 81
[2019-08-31 12:22:25,929 | INFO] be
[2019-08-31 12:22:25,929 | INFO] 4e
[2019-08-31 12:22:25,930 | INFO] c6
[2019-08-31 12:22:26,029 | INFO] e6
[2019-08-31 12:22:26,029 | INFO] f9
[2019-08-31 12:22:26,030 | INFO] ef
[2019-08-31 12:22:26,031 | INFO] f7
[2019-08-31 12:22:26,032 | INFO] 4e
[2019-08-31 12:22:26,033 | INFO] 1a
[2019-08-31 12:22:26,034 | INFO] 24
[2019-08-31 12:22:26,034 | INFO] 6f
[2019-08-31 12:22:26,126 | INFO] 81
[2019-08-31 12:22:26,128 | INFO] be
[2019-08-31 12:22:26,130 | INFO] 4e
[2019-08-31 12:22:26,131 | INFO] c6
[2019-08-31 12:22:26,133 | INFO] e6
[2019-08-31 12:22:26,134 | INFO] f9
[2019-08-31 12:22:26,136 | INFO] ef
[2019-08-31 12:22:26,138 | INFO] f7
[2019-08-31 12:22:26,228 | INFO] 4e
[2019-08-31 12:22:26,230 | INFO] 1a
[2019-08-31 12:22:26,232 | INFO] 24
[2019-08-31 12:22:26,233 | INFO] 6f
[2019-08-31 12:22:26,233 | INFO] 81
[2019-08-31 12:22:26,234 | INFO] be
[2019-08-31 12:22:26,235 | INFO] 4e
[2019-08-31 12:22:26,235 | INFO] c6
[2019-08-31 12:22:26,325 | INFO] e6
[2019-08-31 12:22:26,326 | INFO] f9
[2019-08-31 12:22:26,326 | INFO] ef
[2019-08-31 12:22:26,327 | INFO] f7
[2019-08-31 12:22:26,328 | INFO] 4e
[2019-08-31 12:22:26,328 | INFO] 1a
[2019-08-31 12:22:26,329 | INFO] 24
[2019-08-31 12:22:26,330 | INFO] 6f
[2019-08-31 12:22:26,428 | INFO] 81
[2019-08-31 12:22:26,429 | INFO] be
[2019-08-31 12:22:26,430 | INFO] 4e
[2019-08-31 12:22:26,430 | INFO] c6
[2019-08-31 12:22:26,430 | INFO] e6
[2019-08-31 12:22:26,431 | INFO] f9
[2019-08-31 12:22:26,431 | INFO] ef
[2019-08-31 12:22:26,432 | INFO] f7
[2019-08-31 12:22:26,526 | INFO] 4e
[2019-08-31 12:22:26,527 | INFO] 1a
[2019-08-31 12:22:26,528 | INFO] 24
[2019-08-31 12:22:26,528 | INFO] 6f
[2019-08-31 12:22:26,529 | INFO] 81
[2019-08-31 12:22:26,529 | INFO] be
[2019-08-31 12:22:26,529 | INFO] 4e
[2019-08-31 12:22:26,530 | INFO] c6
[2019-08-31 12:22:26,623 | INFO] e6
[2019-08-31 12:22:26,624 | INFO] f9
[2019-08-31 12:22:26,625 | INFO] ef
[2019-08-31 12:22:26,625 | INFO] f7
[2019-08-31 12:22:26,626 | INFO] 4e
[2019-08-31 12:22:26,627 | INFO] 1a
[2019-08-31 12:22:26,627 | INFO] 24
[2019-08-31 12:22:26,628 | INFO] 6f
[2019-08-31 12:22:26,728 | INFO] 81
[2019-08-31 12:22:26,730 | INFO] be
[2019-08-31 12:22:26,732 | INFO] 4e
[2019-08-31 12:22:26,734 | INFO] c6
[2019-08-31 12:22:26,736 | INFO] e6
[2019-08-31 12:22:26,738 | INFO] f9
[2019-08-31 12:22:26,739 | INFO] ef
[2019-08-31 12:22:26,742 | INFO] f7
[2019-08-31 12:22:26,826 | INFO] 4e
[2019-08-31 12:22:26,826 | INFO] 1a
[2019-08-31 12:22:26,827 | INFO] 24
[2019-08-31 12:22:26,828 | INFO] 6f
[2019-08-31 12:22:26,828 | INFO] 81
[2019-08-31 12:22:26,829 | INFO] be
[2019-08-31 12:22:26,829 | INFO] 4e
[2019-08-31 12:22:26,830 | INFO] c6
[2019-08-31 12:22:26,929 | INFO] e6
[2019-08-31 12:22:26,930 | INFO] f9
[2019-08-31 12:22:26,932 | INFO] ef
[2019-08-31 12:22:26,933 | INFO] f7
[2019-08-31 12:22:26,934 | INFO] 4e
[2019-08-31 12:22:26,935 | INFO] 1a
[2019-08-31 12:22:26,936 | INFO] 24
[2019-08-31 12:22:26,937 | INFO] 6f
[2019-08-31 12:22:27,026 | INFO] 81
[2019-08-31 12:22:27,027 | INFO] be
[2019-08-31 12:22:27,028 | INFO] 4e
[2019-08-31 12:22:27,028 | INFO] c6
[2019-08-31 12:22:27,029 | INFO] e6
[2019-08-31 12:22:27,030 | INFO] f9
[2019-08-31 12:22:27,031 | INFO] ef
[2019-08-31 12:22:27,031 | INFO] f7
[2019-08-31 12:22:27,123 | INFO] 4e
[2019-08-31 12:22:27,125 | INFO] 1a
[2019-08-31 12:22:27,125 | INFO] 24
[2019-08-31 12:22:27,126 | INFO] 6f
[2019-08-31 12:22:27,126 | INFO] 81
[2019-08-31 12:22:27,127 | INFO] be
[2019-08-31 12:22:27,127 | INFO] 4e
[2019-08-31 12:22:27,128 | INFO] c6
[2019-08-31 12:22:27,227 | INFO] e6
[2019-08-31 12:22:27,227 | INFO] f9
[2019-08-31 12:22:27,228 | INFO] ef
[2019-08-31 12:22:27,228 | INFO] f7
[2019-08-31 12:22:27,229 | INFO] 4e
[2019-08-31 12:22:27,230 | INFO] 1a
[2019-08-31 12:22:27,230 | INFO] 24
[2019-08-31 12:22:27,230 | INFO] 6f
[2019-08-31 12:22:27,325 | INFO] 81
[2019-08-31 12:22:27,326 | INFO] be
[2019-08-31 12:22:27,326 | INFO] 4e
[2019-08-31 12:22:27,327 | INFO] c6
[2019-08-31 12:22:27,327 | INFO] e6
[2019-08-31 12:22:27,328 | INFO] f9
[2019-08-31 12:22:27,328 | INFO] ef
[2019-08-31 12:22:27,329 | INFO] f7
[2019-08-31 12:22:27,426 | INFO] 4e
[2019-08-31 12:22:27,427 | INFO] 1a
[2019-08-31 12:22:27,428 | INFO] 24
[2019-08-31 12:22:27,428 | INFO] 6f
[2019-08-31 12:22:27,429 | INFO] 81
[2019-08-31 12:22:27,429 | INFO] be
[2019-08-31 12:22:27,430 | INFO] 4e
[2019-08-31 12:22:27,430 | INFO] c6
[2019-08-31 12:22:27,532 | INFO] e6
[2019-08-31 12:22:27,533 | INFO] f9
[2019-08-31 12:22:27,534 | INFO] ef
[2019-08-31 12:22:27,534 | INFO] f7
[2019-08-31 12:22:27,535 | INFO] 4f
[2019-08-31 12:22:27,535 | INFO] 1a
[2019-08-31 12:22:27,536 | INFO] 24
[2019-08-31 12:22:27,536 | INFO] 6f
[2019-08-31 12:22:27,625 | INFO] 81
[2019-08-31 12:22:27,626 | INFO] be
[2019-08-31 12:22:27,627 | INFO] 4f
[2019-08-31 12:22:27,627 | INFO] c6
[2019-08-31 12:22:27,628 | INFO] e6
[2019-08-31 12:22:27,628 | INFO] f9
[2019-08-31 12:22:27,629 | INFO] ef
[2019-08-31 12:22:27,629 | INFO] f7
[2019-08-31 12:22:27,724 | INFO] 4e
[2019-08-31 12:22:27,724 | INFO] 1a
[2019-08-31 12:22:27,725 | INFO] 24
[2019-08-31 12:22:27,726 | INFO] 6f
[2019-08-31 12:22:27,726 | INFO] 81
[2019-08-31 12:22:27,727 | INFO] be
[2019-08-31 12:22:27,728 | INFO] 4f
[2019-08-31 12:22:27,728 | INFO] c6
[2019-08-31 12:22:27,826 | INFO] e6
[2019-08-31 12:22:27,827 | INFO] f9
[2019-08-31 12:22:27,827 | INFO] ef
[2019-08-31 12:22:27,828 | INFO] f7
[2019-08-31 12:22:27,828 | INFO] 4f
[2019-08-31 12:22:27,829 | INFO] 1a
[2019-08-31 12:22:27,829 | INFO] 24
[2019-08-31 12:22:27,830 | INFO] 6f
[2019-08-31 12:22:27,928 | INFO] 81
[2019-08-31 12:22:27,930 | INFO] be
[2019-08-31 12:22:27,932 | INFO] 4e
[2019-08-31 12:22:27,934 | INFO] c6
[2019-08-31 12:22:27,935 | INFO] e6
[2019-08-31 12:22:27,937 | INFO] f9
[2019-08-31 12:22:27,939 | INFO] ef
[2019-08-31 12:22:27,942 | INFO] f7
[2019-08-31 12:22:28,030 | INFO] 4e
[2019-08-31 12:22:28,030 | INFO] 1a
[2019-08-31 12:22:28,031 | INFO] 24
[2019-08-31 12:22:28,032 | INFO] 6f
[2019-08-31 12:22:28,033 | INFO] 81
[2019-08-31 12:22:28,033 | INFO] be
[2019-08-31 12:22:28,034 | INFO] 4e
[2019-08-31 12:22:28,035 | INFO] c6
[2019-08-31 12:22:28,125 | INFO] e6
[2019-08-31 12:22:28,127 | INFO] f9
[2019-08-31 12:22:28,129 | INFO] ef
[2019-08-31 12:22:28,131 | INFO] f7
[2019-08-31 12:22:28,133 | INFO] 4e
[2019-08-31 12:22:28,134 | INFO] 1a
[2019-08-31 12:22:28,136 | INFO] 24
[2019-08-31 12:22:28,137 | INFO] 6f
[2019-08-31 12:22:28,229 | INFO] 81
[2019-08-31 12:22:28,229 | INFO] be
[2019-08-31 12:22:28,230 | INFO] 4e
[2019-08-31 12:22:28,230 | INFO] c6
[2019-08-31 12:22:28,231 | INFO] e6
[2019-08-31 12:22:28,231 | INFO] f9
[2019-08-31 12:22:28,232 | INFO] ef
[2019-08-31 12:22:28,233 | INFO] f7
[2019-08-31 12:22:28,323 | INFO] 4f
[2019-08-31 12:22:28,324 | INFO] 1a
[2019-08-31 12:22:28,325 | INFO] 24
[2019-08-31 12:22:28,325 | INFO] 6f
[2019-08-31 12:22:28,326 | INFO] 81
[2019-08-31 12:22:28,326 | INFO] be
[2019-08-31 12:22:28,327 | INFO] 4f
[2019-08-31 12:22:28,327 | INFO] c6
[2019-08-31 12:22:28,426 | INFO] e6
[2019-08-31 12:22:28,427 | INFO] f9
[2019-08-31 12:22:28,428 | INFO] ef
[2019-08-31 12:22:28,428 | INFO] f7
[2019-08-31 12:22:28,428 | INFO] 4f
[2019-08-31 12:22:28,429 | INFO] 1a
[2019-08-31 12:22:28,430 | INFO] 24
[2019-08-31 12:22:28,430 | INFO] 6f
[2019-08-31 12:22:28,524 | INFO] 81
[2019-08-31 12:22:28,525 | INFO] be
[2019-08-31 12:22:28,525 | INFO] 4f
[2019-08-31 12:22:28,526 | INFO] c6
[2019-08-31 12:22:28,527 | INFO] e6
[2019-08-31 12:22:28,527 | INFO] f9
[2019-08-31 12:22:28,528 | INFO] ef
[2019-08-31 12:22:28,528 | INFO] f7
[2019-08-31 12:22:28,629 | INFO] 4f
[2019-08-31 12:22:28,630 | INFO] 1a
[2019-08-31 12:22:28,631 | INFO] 24
[2019-08-31 12:22:28,631 | INFO] 6f
[2019-08-31 12:22:28,632 | INFO] 81
[2019-08-31 12:22:28,633 | INFO] be
[2019-08-31 12:22:28,635 | INFO] 4e
[2019-08-31 12:22:28,636 | INFO] c6
[2019-08-31 12:22:28,727 | INFO] e6
[2019-08-31 12:22:28,728 | INFO] f9
[2019-08-31 12:22:28,729 | INFO] ef
[2019-08-31 12:22:28,729 | INFO] f7
[2019-08-31 12:22:28,730 | INFO] 4e
[2019-08-31 12:22:28,730 | INFO] 1a
[2019-08-31 12:22:28,731 | INFO] 24
[2019-08-31 12:22:28,731 | INFO] 6f
[2019-08-31 12:22:28,830 | INFO] 81
[2019-08-31 12:22:28,831 | INFO] be
[2019-08-31 12:22:28,832 | INFO] 4e
[2019-08-31 12:22:28,833 | INFO] c6
[2019-08-31 12:22:28,834 | INFO] e6
[2019-08-31 12:22:28,835 | INFO] f9
[2019-08-31 12:22:28,836 | INFO] ef
[2019-08-31 12:22:28,837 | INFO] f7
[2019-08-31 12:22:28,927 | INFO] 4e
[2019-08-31 12:22:28,928 | INFO] 1a
[2019-08-31 12:22:28,928 | INFO] 24
[2019-08-31 12:22:28,929 | INFO] 6f
[2019-08-31 12:22:28,929 | INFO] 81
[2019-08-31 12:22:28,930 | INFO] be
[2019-08-31 12:22:28,931 | INFO] 4e
[2019-08-31 12:22:28,931 | INFO] c6
[2019-08-31 12:22:29,026 | INFO] e6
[2019-08-31 12:22:29,027 | INFO] f9
[2019-08-31 12:22:29,028 | INFO] ef
[2019-08-31 12:22:29,028 | INFO] f7
[2019-08-31 12:22:29,029 | INFO] 4f
[2019-08-31 12:22:29,029 | INFO] 1a
[2019-08-31 12:22:29,030 | INFO] 24
[2019-08-31 12:22:29,030 | INFO] 6f
[2019-08-31 12:22:29,124 | INFO] 81
[2019-08-31 12:22:29,126 | INFO] be
[2019-08-31 12:22:29,128 | INFO] 4f
[2019-08-31 12:22:29,129 | INFO] c6
[2019-08-31 12:22:29,134 | INFO] e6
[2019-08-31 12:22:29,136 | INFO] f9
[2019-08-31 12:22:29,138 | INFO] ef
[2019-08-31 12:22:29,140 | INFO] f7
[2019-08-31 12:22:29,227 | INFO] 4e
[2019-08-31 12:22:29,228 | INFO] 1a
[2019-08-31 12:22:29,228 | INFO] 24
[2019-08-31 12:22:29,229 | INFO] 6f
[2019-08-31 12:22:29,229 | INFO] 81
[2019-08-31 12:22:29,231 | INFO] be
[2019-08-31 12:22:29,232 | INFO] 4f
[2019-08-31 12:22:29,232 | INFO] c6
[2019-08-31 12:22:29,324 | INFO] e6
[2019-08-31 12:22:29,324 | INFO] f9
[2019-08-31 12:22:29,325 | INFO] ef
[2019-08-31 12:22:29,326 | INFO] f7
[2019-08-31 12:22:29,326 | INFO] 4f
[2019-08-31 12:22:29,327 | INFO] 1a
[2019-08-31 12:22:29,327 | INFO] 24
[2019-08-31 12:22:29,328 | INFO] 6f
[2019-08-31 12:22:29,429 | INFO] 81
[2019-08-31 12:22:29,430 | INFO] be
[2019-08-31 12:22:29,430 | INFO] 4e
[2019-08-31 12:22:29,431 | INFO] c6
[2019-08-31 12:22:29,432 | INFO] e6
[2019-08-31 12:22:29,432 | INFO] f9
[2019-08-31 12:22:29,433 | INFO] ef
[2019-08-31 12:22:29,433 | INFO] f7
[2019-08-31 12:22:29,529 | INFO] 4e
[2019-08-31 12:22:29,530 | INFO] 1a
[2019-08-31 12:22:29,531 | INFO] 24
[2019-08-31 12:22:29,531 | INFO] 6f
[2019-08-31 12:22:29,532 | INFO] 81
[2019-08-31 12:22:29,533 | INFO] be
[2019-08-31 12:22:29,534 | INFO] 4f
[2019-08-31 12:22:29,535 | INFO] c6
[2019-08-31 12:22:29,626 | INFO] e6
[2019-08-31 12:22:29,627 | INFO] f9
[2019-08-31 12:22:29,628 | INFO] ef
[2019-08-31 12:22:29,629 | INFO] f7
[2019-08-31 12:22:29,629 | INFO] 4e
[2019-08-31 12:22:29,630 | INFO] 1a
[2019-08-31 12:22:29,630 | INFO] 24
[2019-08-31 12:22:29,631 | INFO] 6f
[2019-08-31 12:22:29,728 | INFO] 81
[2019-08-31 12:22:29,729 | INFO] be
[2019-08-31 12:22:29,729 | INFO] 4e
[2019-08-31 12:22:29,730 | INFO] c6
[2019-08-31 12:22:29,730 | INFO] e6
[2019-08-31 12:22:29,731 | INFO] f9
[2019-08-31 12:22:29,731 | INFO] ef
[2019-08-31 12:22:29,732 | INFO] f7
[2019-08-31 12:22:29,830 | INFO] 4e
[2019-08-31 12:22:29,831 | INFO] 1a
[2019-08-31 12:22:29,832 | INFO] 24
[2019-08-31 12:22:29,834 | INFO] 6f
[2019-08-31 12:22:29,836 | INFO] 81
[2019-08-31 12:22:29,837 | INFO] be
[2019-08-31 12:22:29,839 | INFO] 4e
[2019-08-31 12:22:29,840 | INFO] c6
[2019-08-31 12:22:29,927 | INFO] e6
[2019-08-31 12:22:29,928 | INFO] f9
[2019-08-31 12:22:29,929 | INFO] ef
[2019-08-31 12:22:29,930 | INFO] f7
[2019-08-31 12:22:29,930 | INFO] 4e
[2019-08-31 12:22:29,931 | INFO] 1a
[2019-08-31 12:22:29,931 | INFO] 24
[2019-08-31 12:22:29,932 | INFO] 6f
[2019-08-31 12:22:30,027 | INFO] 81
[2019-08-31 12:22:30,028 | INFO] be
[2019-08-31 12:22:30,028 | INFO] 4f
[2019-08-31 12:22:30,029 | INFO] c6
[2019-08-31 12:22:30,029 | INFO] e6
[2019-08-31 12:22:30,030 | INFO] f9
[2019-08-31 12:22:30,030 | INFO] ef
[2019-08-31 12:22:30,031 | INFO] f7
[2019-08-31 12:22:30,127 | INFO] 4f
[2019-08-31 12:22:30,128 | INFO] 1a
[2019-08-31 12:22:30,129 | INFO] 24
[2019-08-31 12:22:30,129 | INFO] 6f
[2019-08-31 12:22:30,130 | INFO] 81
[2019-08-31 12:22:30,130 | INFO] be
[2019-08-31 12:22:30,131 | INFO] 4f
[2019-08-31 12:22:30,132 | INFO] c6
[2019-08-31 12:22:30,224 | INFO] e6
[2019-08-31 12:22:30,227 | INFO] f9
[2019-08-31 12:22:30,230 | INFO] ef
[2019-08-31 12:22:30,231 | INFO] f7
[2019-08-31 12:22:30,233 | INFO] 4f
[2019-08-31 12:22:30,234 | INFO] 1a
[2019-08-31 12:22:30,235 | INFO] 24
[2019-08-31 12:22:30,237 | INFO] 6f
[2019-08-31 12:22:30,326 | INFO] 81
[2019-08-31 12:22:30,327 | INFO] be
[2019-08-31 12:22:30,327 | INFO] 4f
[2019-08-31 12:22:30,328 | INFO] c6
[2019-08-31 12:22:30,328 | INFO] e6
[2019-08-31 12:22:30,329 | INFO] f9
[2019-08-31 12:22:30,330 | INFO] ef
[2019-08-31 12:22:30,330 | INFO] f7
[2019-08-31 12:22:30,423 | INFO] 4e
[2019-08-31 12:22:30,424 | INFO] 1a
[2019-08-31 12:22:30,425 | INFO] 24
[2019-08-31 12:22:30,425 | INFO] 6f
[2019-08-31 12:22:30,426 | INFO] 81
[2019-08-31 12:22:30,426 | INFO] be
[2019-08-31 12:22:30,427 | INFO] 4e
[2019-08-31 12:22:30,427 | INFO] c6
[2019-08-31 12:22:30,527 | INFO] e6
[2019-08-31 12:22:30,528 | INFO] f9
[2019-08-31 12:22:30,528 | INFO] ef
[2019-08-31 12:22:30,529 | INFO] f7
[2019-08-31 12:22:30,530 | INFO] 4e
[2019-08-31 12:22:30,530 | INFO] 1a
[2019-08-31 12:22:30,531 | INFO] 24
[2019-08-31 12:22:30,531 | INFO] 6f
[2019-08-31 12:22:30,624 | INFO] 81
[2019-08-31 12:22:30,625 | INFO] be
[2019-08-31 12:22:30,626 | INFO] 4e
[2019-08-31 12:22:30,627 | INFO] c6
[2019-08-31 12:22:30,627 | INFO] e6
[2019-08-31 12:22:30,628 | INFO] f9
[2019-08-31 12:22:30,628 | INFO] ef
[2019-08-31 12:22:30,628 | INFO] f7
[2019-08-31 12:22:30,728 | INFO] 4e
[2019-08-31 12:22:30,729 | INFO] 1a
[2019-08-31 12:22:30,730 | INFO] 24
[2019-08-31 12:22:30,730 | INFO] 6f
[2019-08-31 12:22:30,731 | INFO] 81
[2019-08-31 12:22:30,731 | INFO] be
[2019-08-31 12:22:30,732 | INFO] 4e
[2019-08-31 12:22:30,733 | INFO] c6
[2019-08-31 12:22:30,824 | INFO] e6
[2019-08-31 12:22:30,825 | INFO] f9
[2019-08-31 12:22:30,825 | INFO] ef
[2019-08-31 12:22:30,826 | INFO] f7
[2019-08-31 12:22:30,827 | INFO] 4e
[2019-08-31 12:22:30,827 | INFO] 1a
[2019-08-31 12:22:30,828 | INFO] 24
[2019-08-31 12:22:30,828 | INFO] 6f
[2019-08-31 12:22:30,929 | INFO] 81
[2019-08-31 12:22:30,930 | INFO] be
[2019-08-31 12:22:30,931 | INFO] 4e
[2019-08-31 12:22:30,932 | INFO] c6
[2019-08-31 12:22:30,932 | INFO] e6
[2019-08-31 12:22:30,933 | INFO] f9
[2019-08-31 12:22:30,933 | INFO] ef
[2019-08-31 12:22:30,934 | INFO] f7
[2019-08-31 12:22:31,025 | INFO] 4e
[2019-08-31 12:22:31,026 | INFO] 1a
[2019-08-31 12:22:31,026 | INFO] 24
[2019-08-31 12:22:31,027 | INFO] 6f
[2019-08-31 12:22:31,028 | INFO] 81
[2019-08-31 12:22:31,028 | INFO] be
[2019-08-31 12:22:31,029 | INFO] 4e
[2019-08-31 12:22:31,029 | INFO] c6
[2019-08-31 12:22:31,122 | INFO] e6
[2019-08-31 12:22:31,124 | INFO] f9
[2019-08-31 12:22:31,125 | INFO] ef
[2019-08-31 12:22:31,126 | INFO] f7
[2019-08-31 12:22:31,126 | INFO] 4e
[2019-08-31 12:22:31,127 | INFO] 1a
[2019-08-31 12:22:31,127 | INFO] 24
[2019-08-31 12:22:31,128 | INFO] 6f
[2019-08-31 12:22:31,229 | INFO] 81
[2019-08-31 12:22:31,230 | INFO] be
[2019-08-31 12:22:31,231 | INFO] 4e
[2019-08-31 12:22:31,231 | INFO] c6
[2019-08-31 12:22:31,232 | INFO] e6
[2019-08-31 12:22:31,232 | INFO] f9
[2019-08-31 12:22:31,233 | INFO] ef
[2019-08-31 12:22:31,234 | INFO] f7
[2019-08-31 12:22:31,330 | INFO] 4e
[2019-08-31 12:22:31,331 | INFO] 1a
[2019-08-31 12:22:31,332 | INFO] 24
[2019-08-31 12:22:31,332 | INFO] 6f
[2019-08-31 12:22:31,333 | INFO] 81
[2019-08-31 12:22:31,333 | INFO] be
[2019-08-31 12:22:31,334 | INFO] 4e
[2019-08-31 12:22:31,334 | INFO] c6
[2019-08-31 12:22:31,423 | INFO] e6
[2019-08-31 12:22:31,424 | INFO] f9
[2019-08-31 12:22:31,425 | INFO] ef
[2019-08-31 12:22:31,426 | INFO] f7
[2019-08-31 12:22:31,427 | INFO] 4e
[2019-08-31 12:22:31,427 | INFO] 1a
[2019-08-31 12:22:31,428 | INFO] 24
[2019-08-31 12:22:31,428 | INFO] 6f
[2019-08-31 12:22:31,526 | INFO] 81
[2019-08-31 12:22:31,526 | INFO] be
[2019-08-31 12:22:31,527 | INFO] 4e
[2019-08-31 12:22:31,527 | INFO] c6
[2019-08-31 12:22:31,528 | INFO] e6
[2019-08-31 12:22:31,528 | INFO] f9
[2019-08-31 12:22:31,529 | INFO] ef
[2019-08-31 12:22:31,529 | INFO] f7
[2019-08-31 12:22:31,628 | INFO] 4e
[2019-08-31 12:22:31,629 | INFO] 1a
[2019-08-31 12:22:31,630 | INFO] 24
[2019-08-31 12:22:31,632 | INFO] 6f
[2019-08-31 12:22:31,634 | INFO] 81
[2019-08-31 12:22:31,635 | INFO] Sending kill to threads...
[2019-08-31 12:22:31,637 | INFO] be
[2019-08-31 12:22:31,639 | INFO] Receiver thread terminated
[2019-08-31 12:22:31,651 | INFO] Sender thread terminated
[2019-08-31 12:22:31,653 | INFO] Program terminated
