[2019-08-31 11:35:45,309 | INFO] starting up on 172.16.1.180 port 4000
[2019-08-31 11:35:45,310 | INFO] Sender thread is now running...
[2019-08-31 11:35:45,311 | INFO] Receiver thread is now running...
[2019-08-31 11:35:52,804 | INFO] Sending kill to threads...
[2019-08-31 11:35:52,823 | INFO] Sender thread terminated
[2019-08-31 11:35:52,825 | INFO] Program terminated
[2019-08-31 11:35:53,830 | INFO] starting up on 172.16.1.180 port 4000
[2019-08-31 11:35:53,831 | INFO] Sender thread is now running...
[2019-08-31 11:35:53,832 | INFO] Receiver thread is now running...
[2019-08-31 11:35:55,074 | INFO] Sending kill to threads...
[2019-08-31 11:35:55,143 | INFO] Sender thread terminated
[2019-08-31 11:35:55,143 | INFO] Program terminated
[2019-08-31 11:35:59,308 | INFO] starting up on 172.16.1.180 port 4000
[2019-08-31 11:35:59,309 | INFO] Sender thread is now running...
[2019-08-31 11:35:59,310 | INFO] Receiver thread is now running...
[2019-08-31 11:36:01,924 | INFO] Sending kill to threads...
[2019-08-31 11:36:01,949 | INFO] Sender thread terminated
[2019-08-31 11:36:01,950 | INFO] Program terminated
[2019-08-31 11:36:53,650 | INFO] starting up on 172.16.1.180 port 4000
[2019-08-31 11:36:53,653 | INFO] Sender thread is now running...
[2019-08-31 11:36:53,653 | INFO] Receiver thread is now running...
[2019-08-31 11:37:09,012 | INFO] Sending kill to threads...
[2019-08-31 11:37:09,062 | INFO] Sender thread terminated
[2019-08-31 11:37:09,063 | INFO] Program terminated
