[2019-08-23 16:26:25,950 | INFO] starting up on 192.168.1.180 port 39001
[2019-08-23 16:26:25,954 | INFO] Sender thread is now running...
[2019-08-23 16:26:25,955 | INFO] Receiver thread is now running...
[2019-08-23 16:26:26,304 | INFO] 08
[2019-08-23 16:26:26,315 | INFO] ae
[2019-08-23 16:26:27,040 | INFO] d1
[2019-08-23 16:26:27,753 | INFO] 09
[2019-08-23 16:26:27,765 | INFO] af
[2019-08-23 16:26:27,766 | INFO] 77
[2019-08-23 16:26:28,491 | INFO] d1
[2019-08-23 16:26:29,204 | INFO] 08
[2019-08-23 16:26:29,216 | INFO] ae
[2019-08-23 16:26:29,217 | INFO] 77
[2019-08-23 16:26:29,941 | INFO] d1
[2019-08-23 16:26:30,655 | INFO] 09
[2019-08-23 16:26:30,667 | INFO] af
[2019-08-23 16:26:30,668 | INFO] 77
[2019-08-23 16:26:31,381 | INFO] 77
[2019-08-23 16:26:31,392 | INFO] d1
[2019-08-23 16:26:32,118 | INFO] ae
[2019-08-23 16:26:32,832 | INFO] 77
[2019-08-23 16:26:32,842 | INFO] d1
[2019-08-23 16:26:32,844 | INFO] 08
[2019-08-23 16:26:33,568 | INFO] af
[2019-08-23 16:26:34,282 | INFO] 77
[2019-08-23 16:26:34,293 | INFO] d1
[2019-08-23 16:26:34,295 | INFO] 09
[2019-08-23 16:26:35,018 | INFO] ae
[2019-08-23 16:26:35,735 | INFO] 77
[2019-08-23 16:26:35,745 | INFO] d1
[2019-08-23 16:26:35,746 | INFO] 08
[2019-08-23 16:26:36,469 | INFO] af
[2019-08-23 16:26:37,186 | INFO] 77
[2019-08-23 16:26:37,197 | INFO] d1
[2019-08-23 16:26:37,198 | INFO] 09
[2019-08-23 16:26:37,921 | INFO] ae
[2019-08-23 16:26:38,636 | INFO] 77
[2019-08-23 16:26:38,647 | INFO] d1
[2019-08-23 16:26:38,648 | INFO] 08
[2019-08-23 16:26:39,371 | INFO] af
[2019-08-23 16:26:40,087 | INFO] 77
[2019-08-23 16:26:40,098 | INFO] d1
[2019-08-23 16:26:40,099 | INFO] 09
[2019-08-23 16:26:40,822 | INFO] ae
[2019-08-23 16:26:41,538 | INFO] 77
[2019-08-23 16:26:41,549 | INFO] d1
[2019-08-23 16:26:41,550 | INFO] 08
[2019-08-23 16:26:42,273 | INFO] af
[2019-08-23 16:26:42,989 | INFO] 77
[2019-08-23 16:26:43,000 | INFO] d1
[2019-08-23 16:26:43,001 | INFO] 09
[2019-08-23 16:26:43,724 | INFO] ae
[2019-08-23 16:26:44,440 | INFO] 77
[2019-08-23 16:26:44,450 | INFO] d1
[2019-08-23 16:26:44,451 | INFO] 08
[2019-08-23 16:26:45,174 | INFO] af
[2019-08-23 16:26:45,888 | INFO] 77
[2019-08-23 16:26:45,900 | INFO] d1
[2019-08-23 16:26:45,901 | INFO] 09
[2019-08-23 16:26:46,625 | INFO] ae
[2019-08-23 16:26:47,339 | INFO] 77
[2019-08-23 16:26:47,351 | INFO] d1
[2019-08-23 16:26:47,353 | INFO] 08
[2019-08-23 16:26:48,076 | INFO] af
[2019-08-23 16:26:48,790 | INFO] 77
[2019-08-23 16:26:48,802 | INFO] d1
[2019-08-23 16:26:48,802 | INFO] 09
[2019-08-23 16:26:49,527 | INFO] ae
[2019-08-23 16:26:50,241 | INFO] 77
[2019-08-23 16:26:50,253 | INFO] d1
[2019-08-23 16:26:50,255 | INFO] 08
[2019-08-23 16:26:50,978 | INFO] af
[2019-08-23 16:26:51,692 | INFO] 77
[2019-08-23 16:26:51,704 | INFO] d1
[2019-08-23 16:26:51,706 | INFO] 09
[2019-08-23 16:26:52,429 | INFO] ae
[2019-08-23 16:26:53,143 | INFO] 77
[2019-08-23 16:26:53,155 | INFO] d1
[2019-08-23 16:26:53,156 | INFO] 08
[2019-08-23 16:26:53,880 | INFO] af
[2019-08-23 16:26:54,594 | INFO] 77
[2019-08-23 16:26:54,606 | INFO] d1
[2019-08-23 16:26:54,606 | INFO] 09
[2019-08-23 16:26:55,331 | INFO] ae
[2019-08-23 16:26:56,044 | INFO] 77
[2019-08-23 16:26:56,057 | INFO] d1
[2019-08-23 16:26:56,058 | INFO] 08
[2019-08-23 16:26:56,781 | INFO] af
[2019-08-23 16:26:57,495 | INFO] 77
[2019-08-23 16:26:57,507 | INFO] d1
[2019-08-23 16:26:57,508 | INFO] 09
[2019-08-23 16:26:58,232 | INFO] ae
[2019-08-23 16:26:58,946 | INFO] 77
[2019-08-23 16:26:58,958 | INFO] d1
[2019-08-23 16:26:58,960 | INFO] 08
[2019-08-23 16:26:59,683 | INFO] af
[2019-08-23 16:27:00,397 | INFO] 77
[2019-08-23 16:27:00,409 | INFO] d1
[2019-08-23 16:27:00,411 | INFO] 09
[2019-08-23 16:27:01,134 | INFO] ae
[2019-08-23 16:27:01,849 | INFO] 77
[2019-08-23 16:27:01,861 | INFO] d1
[2019-08-23 16:27:01,862 | INFO] 08
[2019-08-23 16:27:02,585 | INFO] af
[2019-08-23 16:27:03,299 | INFO] 77
[2019-08-23 16:27:03,311 | INFO] d1
[2019-08-23 16:27:03,312 | INFO] 09
[2019-08-23 16:27:04,036 | INFO] ae
[2019-08-23 16:27:04,750 | INFO] 77
[2019-08-23 16:27:04,762 | INFO] d1
[2019-08-23 16:27:04,763 | INFO] 08
[2019-08-23 16:27:05,487 | INFO] af
[2019-08-23 16:27:06,201 | INFO] 77
[2019-08-23 16:27:06,213 | INFO] d1
[2019-08-23 16:27:06,214 | INFO] 09
[2019-08-23 16:27:06,938 | INFO] ae
[2019-08-23 16:27:07,652 | INFO] 77
[2019-08-23 16:27:07,664 | INFO] d1
[2019-08-23 16:27:07,665 | INFO] 08
[2019-08-23 16:27:08,388 | INFO] af
[2019-08-23 16:27:09,102 | INFO] 77
[2019-08-23 16:27:09,114 | INFO] d1
[2019-08-23 16:27:09,116 | INFO] 09
[2019-08-23 16:27:09,839 | INFO] ae
[2019-08-23 16:27:10,553 | INFO] 77
[2019-08-23 16:27:10,565 | INFO] d1
[2019-08-23 16:27:10,566 | INFO] 08
[2019-08-23 16:27:11,290 | INFO] af
[2019-08-23 16:27:12,005 | INFO] 77
[2019-08-23 16:27:12,016 | INFO] d1
[2019-08-23 16:27:12,018 | INFO] 09
[2019-08-23 16:27:12,741 | INFO] ae
[2019-08-23 16:27:13,455 | INFO] 77
[2019-08-23 16:27:13,466 | INFO] d1
[2019-08-23 16:27:13,467 | INFO] 08
[2019-08-23 16:27:14,192 | INFO] af
[2019-08-23 16:27:14,906 | INFO] 77
[2019-08-23 16:27:14,917 | INFO] d1
[2019-08-23 16:27:14,918 | INFO] 09
[2019-08-23 16:27:15,642 | INFO] ae
[2019-08-23 16:27:16,358 | INFO] 77
[2019-08-23 16:27:16,369 | INFO] d1
[2019-08-23 16:27:16,370 | INFO] 08
[2019-08-23 16:27:17,093 | INFO] af
[2019-08-23 16:27:17,809 | INFO] 77
[2019-08-23 16:27:17,820 | INFO] d1
[2019-08-23 16:27:17,821 | INFO] 09
[2019-08-23 16:27:18,544 | INFO] ae
[2019-08-23 16:27:19,259 | INFO] 77
[2019-08-23 16:27:19,270 | INFO] d1
[2019-08-23 16:27:19,271 | INFO] 08
[2019-08-23 16:27:19,994 | INFO] af
[2019-08-23 16:27:20,710 | INFO] 77
[2019-08-23 16:27:20,711 | INFO] 09
[2019-08-23 16:27:21,434 | INFO] 08
[2019-08-23 16:27:21,445 | INFO] ae
[2019-08-23 16:27:22,161 | INFO] 77
[2019-08-23 16:27:22,162 | INFO] d1
[2019-08-23 16:27:22,885 | INFO] 09
[2019-08-23 16:27:22,896 | INFO] af
[2019-08-23 16:27:23,612 | INFO] 77
[2019-08-23 16:27:23,613 | INFO] d1
[2019-08-23 16:27:24,336 | INFO] 08
[2019-08-23 16:27:24,347 | INFO] ae
[2019-08-23 16:27:25,063 | INFO] 77
[2019-08-23 16:27:25,064 | INFO] d1
[2019-08-23 16:27:25,787 | INFO] 09
[2019-08-23 16:27:25,798 | INFO] af
[2019-08-23 16:27:26,512 | INFO] 77
[2019-08-23 16:27:26,513 | INFO] d1
[2019-08-23 16:27:27,238 | INFO] 08
[2019-08-23 16:27:27,249 | INFO] ae
[2019-08-23 16:27:27,963 | INFO] 77
[2019-08-23 16:27:27,964 | INFO] d1
[2019-08-23 16:27:28,689 | INFO] 09
[2019-08-23 16:27:28,700 | INFO] af
[2019-08-23 16:27:29,414 | INFO] 77
[2019-08-23 16:27:29,415 | INFO] d1
[2019-08-23 16:27:30,139 | INFO] 08
[2019-08-23 16:27:30,151 | INFO] ae
[2019-08-23 16:27:30,865 | INFO] 77
[2019-08-23 16:27:30,866 | INFO] d1
[2019-08-23 16:27:31,589 | INFO] 09
[2019-08-23 16:27:31,601 | INFO] af
[2019-08-23 16:27:32,315 | INFO] 77
[2019-08-23 16:27:32,317 | INFO] d1
[2019-08-23 16:27:33,040 | INFO] 08
[2019-08-23 16:27:33,052 | INFO] ae
[2019-08-23 16:27:33,766 | INFO] 77
[2019-08-23 16:27:33,767 | INFO] d1
[2019-08-23 16:27:34,492 | INFO] 09
[2019-08-23 16:27:34,503 | INFO] af
[2019-08-23 16:27:35,217 | INFO] 77
[2019-08-23 16:27:35,218 | INFO] d1
[2019-08-23 16:27:35,943 | INFO] 08
[2019-08-23 16:27:35,954 | INFO] ae
[2019-08-23 16:27:36,668 | INFO] 77
[2019-08-23 16:27:36,668 | INFO] d1
[2019-08-23 16:27:37,392 | INFO] 09
[2019-08-23 16:27:37,404 | INFO] af
[2019-08-23 16:27:38,119 | INFO] 77
[2019-08-23 16:27:38,120 | INFO] d1
[2019-08-23 16:27:38,844 | INFO] 08
[2019-08-23 16:27:38,856 | INFO] ae
[2019-08-23 16:27:39,570 | INFO] 77
[2019-08-23 16:27:39,571 | INFO] d1
[2019-08-23 16:27:40,295 | INFO] 09
[2019-08-23 16:27:40,307 | INFO] af
[2019-08-23 16:27:41,021 | INFO] 77
[2019-08-23 16:27:41,022 | INFO] d1
[2019-08-23 16:27:41,746 | INFO] 08
[2019-08-23 16:27:41,758 | INFO] ae
[2019-08-23 16:27:42,471 | INFO] 77
[2019-08-23 16:27:42,472 | INFO] d1
[2019-08-23 16:27:43,196 | INFO] 09
[2019-08-23 16:27:43,208 | INFO] af
[2019-08-23 16:27:43,922 | INFO] 77
[2019-08-23 16:27:43,924 | INFO] d1
[2019-08-23 16:27:44,647 | INFO] 08
[2019-08-23 16:27:44,659 | INFO] ae
[2019-08-23 16:27:45,373 | INFO] 77
[2019-08-23 16:27:45,375 | INFO] d1
[2019-08-23 16:27:46,098 | INFO] 09
[2019-08-23 16:27:46,110 | INFO] af
[2019-08-23 16:27:46,824 | INFO] 77
[2019-08-23 16:27:46,825 | INFO] d1
[2019-08-23 16:27:47,549 | INFO] 08
[2019-08-23 16:27:47,561 | INFO] ae
[2019-08-23 16:27:48,275 | INFO] 77
[2019-08-23 16:27:48,276 | INFO] d1
[2019-08-23 16:27:49,000 | INFO] 09
[2019-08-23 16:27:49,011 | INFO] af
[2019-08-23 16:27:49,726 | INFO] 77
[2019-08-23 16:27:49,727 | INFO] d1
[2019-08-23 16:27:50,451 | INFO] 08
[2019-08-23 16:27:50,463 | INFO] ae
[2019-08-23 16:27:51,177 | INFO] 77
[2019-08-23 16:27:51,178 | INFO] d1
[2019-08-23 16:27:51,902 | INFO] 09
[2019-08-23 16:27:51,914 | INFO] af
[2019-08-23 16:27:52,628 | INFO] 77
[2019-08-23 16:27:52,629 | INFO] d1
[2019-08-23 16:27:53,353 | INFO] 08
[2019-08-23 16:27:53,365 | INFO] ae
[2019-08-23 16:27:54,078 | INFO] 77
[2019-08-23 16:27:54,080 | INFO] d1
[2019-08-23 16:27:54,803 | INFO] 09
[2019-08-23 16:27:54,815 | INFO] af
[2019-08-23 16:27:55,529 | INFO] 77
[2019-08-23 16:27:55,531 | INFO] d1
[2019-08-23 16:27:56,254 | INFO] 08
[2019-08-23 16:27:56,266 | INFO] ae
[2019-08-23 16:27:56,980 | INFO] 77
[2019-08-23 16:27:56,981 | INFO] d1
[2019-08-23 16:27:57,705 | INFO] 09
[2019-08-23 16:27:57,716 | INFO] af
[2019-08-23 16:27:58,432 | INFO] 77
[2019-08-23 16:27:58,433 | INFO] d1
[2019-08-23 16:27:59,156 | INFO] 08
[2019-08-23 16:27:59,167 | INFO] ae
[2019-08-23 16:27:59,883 | INFO] 77
[2019-08-23 16:27:59,884 | INFO] d1
[2019-08-23 16:28:00,607 | INFO] 09
[2019-08-23 16:28:00,618 | INFO] af
[2019-08-23 16:28:01,334 | INFO] 77
[2019-08-23 16:28:01,335 | INFO] d1
[2019-08-23 16:28:02,058 | INFO] 08
[2019-08-23 16:28:02,069 | INFO] ae
[2019-08-23 16:28:02,785 | INFO] 77
[2019-08-23 16:28:02,786 | INFO] d1
[2019-08-23 16:28:03,509 | INFO] 09
[2019-08-23 16:28:03,520 | INFO] af
[2019-08-23 16:28:04,236 | INFO] 77
[2019-08-23 16:28:04,237 | INFO] d1
[2019-08-23 16:28:04,960 | INFO] 08
[2019-08-23 16:28:04,971 | INFO] ae
[2019-08-23 16:28:05,686 | INFO] 77
[2019-08-23 16:28:05,688 | INFO] d1
[2019-08-23 16:28:06,410 | INFO] 09
[2019-08-23 16:28:06,421 | INFO] af
[2019-08-23 16:28:07,137 | INFO] 77
[2019-08-23 16:28:07,138 | INFO] d1
[2019-08-23 16:28:07,861 | INFO] 08
[2019-08-23 16:28:07,872 | INFO] ae
[2019-08-23 16:28:08,588 | INFO] 77
[2019-08-23 16:28:08,589 | INFO] d1
[2019-08-23 16:28:09,312 | INFO] 09
[2019-08-23 16:28:09,323 | INFO] af
[2019-08-23 16:28:10,037 | INFO] 77
[2019-08-23 16:28:10,038 | INFO] d1
[2019-08-23 16:28:10,762 | INFO] 08
[2019-08-23 16:28:10,774 | INFO] ae
[2019-08-23 16:28:10,775 | INFO] d1
[2019-08-23 16:28:11,499 | INFO] d1
[2019-08-23 16:28:12,213 | INFO] 09
[2019-08-23 16:28:12,224 | INFO] af
[2019-08-23 16:28:12,226 | INFO] 77
[2019-08-23 16:28:12,951 | INFO] d1
[2019-08-23 16:28:13,664 | INFO] 08
[2019-08-23 16:28:13,676 | INFO] ae
[2019-08-23 16:28:13,677 | INFO] 77
[2019-08-23 16:28:14,402 | INFO] d1
[2019-08-23 16:28:15,115 | INFO] 09
[2019-08-23 16:28:15,127 | INFO] af
[2019-08-23 16:28:15,128 | INFO] 77
[2019-08-23 16:28:15,853 | INFO] d1
[2019-08-23 16:28:16,566 | INFO] 08
[2019-08-23 16:28:16,578 | INFO] ae
[2019-08-23 16:28:16,579 | INFO] 77
[2019-08-23 16:28:17,304 | INFO] d1
[2019-08-23 16:28:18,016 | INFO] 09
[2019-08-23 16:28:18,028 | INFO] af
[2019-08-23 16:28:18,029 | INFO] 77
[2019-08-23 16:28:18,754 | INFO] d1
[2019-08-23 16:28:19,467 | INFO] 08
[2019-08-23 16:28:19,479 | INFO] ae
[2019-08-23 16:28:19,480 | INFO] 77
[2019-08-23 16:28:20,205 | INFO] d1
[2019-08-23 16:28:20,918 | INFO] 09
[2019-08-23 16:28:20,930 | INFO] af
[2019-08-23 16:28:20,931 | INFO] 77
[2019-08-23 16:28:21,656 | INFO] d1
[2019-08-23 16:28:22,369 | INFO] 08
[2019-08-23 16:28:22,381 | INFO] ae
[2019-08-23 16:28:22,382 | INFO] 77
[2019-08-23 16:28:23,107 | INFO] d1
[2019-08-23 16:28:23,819 | INFO] 09
[2019-08-23 16:28:23,832 | INFO] af
[2019-08-23 16:28:23,832 | INFO] 77
[2019-08-23 16:28:24,557 | INFO] d1
[2019-08-23 16:28:25,271 | INFO] 08
[2019-08-23 16:28:25,283 | INFO] ae
[2019-08-23 16:28:25,284 | INFO] 77
[2019-08-23 16:28:26,009 | INFO] d1
[2019-08-23 16:28:26,722 | INFO] 09
[2019-08-23 16:28:26,734 | INFO] af
[2019-08-23 16:28:26,735 | INFO] 77
[2019-08-23 16:28:27,460 | INFO] d1
[2019-08-23 16:28:28,173 | INFO] 08
[2019-08-23 16:28:28,185 | INFO] ae
[2019-08-23 16:28:28,186 | INFO] 77
[2019-08-23 16:28:28,911 | INFO] d1
[2019-08-23 16:28:29,623 | INFO] 09
[2019-08-23 16:28:29,635 | INFO] af
[2019-08-23 16:28:29,637 | INFO] 77
[2019-08-23 16:28:30,361 | INFO] d1
[2019-08-23 16:28:31,074 | INFO] 08
[2019-08-23 16:28:31,086 | INFO] ae
[2019-08-23 16:28:31,087 | INFO] 77
[2019-08-23 16:28:31,812 | INFO] d1
[2019-08-23 16:28:32,525 | INFO] 09
[2019-08-23 16:28:32,537 | INFO] af
[2019-08-23 16:28:32,538 | INFO] 77
[2019-08-23 16:28:33,263 | INFO] d1
[2019-08-23 16:28:33,976 | INFO] 08
[2019-08-23 16:28:33,988 | INFO] ae
[2019-08-23 16:28:33,989 | INFO] 77
[2019-08-23 16:28:34,714 | INFO] d1
[2019-08-23 16:28:35,426 | INFO] 09
[2019-08-23 16:28:35,439 | INFO] af
[2019-08-23 16:28:35,440 | INFO] 77
[2019-08-23 16:28:36,163 | INFO] d1
[2019-08-23 16:28:36,878 | INFO] 08
[2019-08-23 16:28:36,889 | INFO] ae
[2019-08-23 16:28:36,891 | INFO] 77
[2019-08-23 16:28:37,615 | INFO] d1
[2019-08-23 16:28:38,329 | INFO] 09
[2019-08-23 16:28:38,341 | INFO] af
[2019-08-23 16:28:38,342 | INFO] 77
[2019-08-23 16:28:39,066 | INFO] d1
[2019-08-23 16:28:39,780 | INFO] 08
[2019-08-23 16:28:39,791 | INFO] ae
[2019-08-23 16:28:39,792 | INFO] 77
[2019-08-23 16:28:40,517 | INFO] d1
[2019-08-23 16:28:41,230 | INFO] 09
[2019-08-23 16:28:41,241 | INFO] af
[2019-08-23 16:28:41,242 | INFO] 77
[2019-08-23 16:28:41,968 | INFO] d1
[2019-08-23 16:28:42,681 | INFO] 08
[2019-08-23 16:28:42,692 | INFO] ae
[2019-08-23 16:28:42,693 | INFO] 77
[2019-08-23 16:28:43,419 | INFO] d1
[2019-08-23 16:28:44,132 | INFO] 09
[2019-08-23 16:28:44,143 | INFO] af
[2019-08-23 16:28:44,144 | INFO] 77
[2019-08-23 16:28:44,870 | INFO] d1
[2019-08-23 16:28:45,582 | INFO] 08
[2019-08-23 16:28:45,593 | INFO] ae
[2019-08-23 16:28:45,595 | INFO] 77
[2019-08-23 16:28:46,320 | INFO] d1
[2019-08-23 16:28:47,034 | INFO] 09
[2019-08-23 16:28:47,045 | INFO] af
[2019-08-23 16:28:47,046 | INFO] 77
[2019-08-23 16:28:47,772 | INFO] d1
[2019-08-23 16:28:48,485 | INFO] 08
[2019-08-23 16:28:48,496 | INFO] ae
[2019-08-23 16:28:48,497 | INFO] 77
[2019-08-23 16:28:49,222 | INFO] d1
[2019-08-23 16:28:49,936 | INFO] 09
[2019-08-23 16:28:49,947 | INFO] af
[2019-08-23 16:28:49,948 | INFO] 77
[2019-08-23 16:28:50,672 | INFO] d1
[2019-08-23 16:28:51,386 | INFO] 08
[2019-08-23 16:28:51,398 | INFO] ae
[2019-08-23 16:28:51,399 | INFO] 77
[2019-08-23 16:28:52,123 | INFO] d1
[2019-08-23 16:28:52,837 | INFO] 09
[2019-08-23 16:28:52,848 | INFO] af
[2019-08-23 16:28:52,849 | INFO] 77
[2019-08-23 16:28:53,574 | INFO] d1
[2019-08-23 16:28:54,287 | INFO] 08
[2019-08-23 16:28:54,299 | INFO] ae
[2019-08-23 16:28:54,300 | INFO] 77
[2019-08-23 16:28:55,025 | INFO] d1
[2019-08-23 16:28:55,738 | INFO] 09
[2019-08-23 16:28:55,750 | INFO] af
[2019-08-23 16:28:55,751 | INFO] 77
[2019-08-23 16:28:56,476 | INFO] d1
[2019-08-23 16:28:57,189 | INFO] 08
[2019-08-23 16:28:57,201 | INFO] ae
[2019-08-23 16:28:57,202 | INFO] 77
[2019-08-23 16:28:57,926 | INFO] d1
[2019-08-23 16:28:58,639 | INFO] 09
[2019-08-23 16:28:58,652 | INFO] af
[2019-08-23 16:28:58,652 | INFO] 77
[2019-08-23 16:28:59,378 | INFO] d1
[2019-08-23 16:29:00,091 | INFO] 08
[2019-08-23 16:29:00,103 | INFO] ae
[2019-08-23 16:29:00,104 | INFO] 77
[2019-08-23 16:29:00,817 | INFO] 77
[2019-08-23 16:29:00,829 | INFO] d1
[2019-08-23 16:29:01,542 | INFO] 09
[2019-08-23 16:29:02,268 | INFO] 77
[2019-08-23 16:29:02,280 | INFO] d1
[2019-08-23 16:29:02,993 | INFO] 08
[2019-08-23 16:29:02,993 | INFO] af
[2019-08-23 16:29:03,718 | INFO] 77
[2019-08-23 16:29:03,730 | INFO] d1
[2019-08-23 16:29:04,443 | INFO] 09
[2019-08-23 16:29:04,444 | INFO] ae
[2019-08-23 16:29:05,169 | INFO] 77
[2019-08-23 16:29:05,181 | INFO] d1
[2019-08-23 16:29:05,895 | INFO] 08
[2019-08-23 16:29:05,895 | INFO] af
[2019-08-23 16:29:06,620 | INFO] 77
[2019-08-23 16:29:06,632 | INFO] d1
[2019-08-23 16:29:07,345 | INFO] 09
[2019-08-23 16:29:07,346 | INFO] ae
[2019-08-23 16:29:08,071 | INFO] 77
[2019-08-23 16:29:08,083 | INFO] d1
[2019-08-23 16:29:08,796 | INFO] 08
[2019-08-23 16:29:08,796 | INFO] af
[2019-08-23 16:29:09,521 | INFO] 77
[2019-08-23 16:29:09,533 | INFO] d1
[2019-08-23 16:29:10,247 | INFO] 09
[2019-08-23 16:29:10,248 | INFO] ae
[2019-08-23 16:29:10,973 | INFO] 77
[2019-08-23 16:29:10,984 | INFO] d1
[2019-08-23 16:29:11,698 | INFO] 08
[2019-08-23 16:29:11,699 | INFO] af
[2019-08-23 16:29:12,424 | INFO] 77
[2019-08-23 16:29:12,436 | INFO] d1
[2019-08-23 16:29:13,149 | INFO] 09
[2019-08-23 16:29:13,150 | INFO] ae
[2019-08-23 16:29:13,875 | INFO] 77
[2019-08-23 16:29:13,887 | INFO] d1
[2019-08-23 16:29:14,600 | INFO] 08
[2019-08-23 16:29:14,601 | INFO] af
[2019-08-23 16:29:15,325 | INFO] 77
[2019-08-23 16:29:15,337 | INFO] d1
[2019-08-23 16:29:16,050 | INFO] 09
[2019-08-23 16:29:16,052 | INFO] ae
[2019-08-23 16:29:16,776 | INFO] 77
[2019-08-23 16:29:16,788 | INFO] d1
[2019-08-23 16:29:17,501 | INFO] 08
[2019-08-23 16:29:17,502 | INFO] af
[2019-08-23 16:29:18,227 | INFO] 77
[2019-08-23 16:29:18,238 | INFO] d1
[2019-08-23 16:29:18,952 | INFO] 09
[2019-08-23 16:29:18,953 | INFO] ae
[2019-08-23 16:29:19,678 | INFO] 77
[2019-08-23 16:29:19,689 | INFO] d1
[2019-08-23 16:29:20,403 | INFO] 08
[2019-08-23 16:29:20,404 | INFO] af
[2019-08-23 16:29:21,128 | INFO] 77
[2019-08-23 16:29:21,139 | INFO] d1
[2019-08-23 16:29:21,853 | INFO] 09
[2019-08-23 16:29:21,854 | INFO] ae
[2019-08-23 16:29:22,580 | INFO] 77
[2019-08-23 16:29:22,591 | INFO] d1
[2019-08-23 16:29:23,305 | INFO] 08
[2019-08-23 16:29:23,305 | INFO] af
[2019-08-23 16:29:24,032 | INFO] 77
[2019-08-23 16:29:24,043 | INFO] d1
[2019-08-23 16:29:24,756 | INFO] 09
[2019-08-23 16:29:24,757 | INFO] ae
[2019-08-23 16:29:25,483 | INFO] 77
[2019-08-23 16:29:25,494 | INFO] d1
[2019-08-23 16:29:26,206 | INFO] 08
[2019-08-23 16:29:26,207 | INFO] af
[2019-08-23 16:29:26,933 | INFO] 77
[2019-08-23 16:29:26,944 | INFO] d1
[2019-08-23 16:29:27,657 | INFO] 09
[2019-08-23 16:29:27,658 | INFO] ae
[2019-08-23 16:29:28,384 | INFO] 77
[2019-08-23 16:29:28,395 | INFO] d1
[2019-08-23 16:29:29,108 | INFO] 08
[2019-08-23 16:29:29,109 | INFO] af
[2019-08-23 16:29:29,833 | INFO] 77
[2019-08-23 16:29:29,845 | INFO] d1
[2019-08-23 16:29:30,559 | INFO] 09
[2019-08-23 16:29:30,560 | INFO] ae
[2019-08-23 16:29:31,284 | INFO] 77
[2019-08-23 16:29:31,296 | INFO] d1
[2019-08-23 16:29:32,009 | INFO] 08
[2019-08-23 16:29:32,010 | INFO] af
[2019-08-23 16:29:32,734 | INFO] 77
[2019-08-23 16:29:32,746 | INFO] d1
[2019-08-23 16:29:33,461 | INFO] 09
[2019-08-23 16:29:33,461 | INFO] ae
[2019-08-23 16:29:34,185 | INFO] 77
[2019-08-23 16:29:34,197 | INFO] d1
[2019-08-23 16:29:34,911 | INFO] 08
[2019-08-23 16:29:34,912 | INFO] af
[2019-08-23 16:29:35,637 | INFO] 77
[2019-08-23 16:29:35,648 | INFO] d1
[2019-08-23 16:29:36,362 | INFO] 09
[2019-08-23 16:29:36,363 | INFO] ae
[2019-08-23 16:29:37,088 | INFO] 77
[2019-08-23 16:29:37,100 | INFO] d1
[2019-08-23 16:29:37,813 | INFO] 08
[2019-08-23 16:29:37,814 | INFO] af
[2019-08-23 16:29:38,538 | INFO] 77
[2019-08-23 16:29:38,550 | INFO] d1
[2019-08-23 16:29:39,263 | INFO] 09
[2019-08-23 16:29:39,265 | INFO] ae
[2019-08-23 16:29:39,989 | INFO] 77
[2019-08-23 16:29:40,001 | INFO] d1
[2019-08-23 16:29:40,714 | INFO] 08
[2019-08-23 16:29:40,715 | INFO] af
[2019-08-23 16:29:41,440 | INFO] 77
[2019-08-23 16:29:41,452 | INFO] d1
[2019-08-23 16:29:42,165 | INFO] 09
[2019-08-23 16:29:42,165 | INFO] ae
[2019-08-23 16:29:42,891 | INFO] 77
[2019-08-23 16:29:42,903 | INFO] d1
[2019-08-23 16:29:43,616 | INFO] 08
[2019-08-23 16:29:43,617 | INFO] af
[2019-08-23 16:29:44,341 | INFO] 77
[2019-08-23 16:29:44,353 | INFO] d1
[2019-08-23 16:29:45,066 | INFO] 09
[2019-08-23 16:29:45,068 | INFO] ae
[2019-08-23 16:29:45,792 | INFO] 77
[2019-08-23 16:29:45,804 | INFO] d1
[2019-08-23 16:29:46,517 | INFO] 08
[2019-08-23 16:29:46,519 | INFO] af
[2019-08-23 16:29:47,243 | INFO] 77
[2019-08-23 16:29:47,255 | INFO] d1
[2019-08-23 16:29:47,969 | INFO] 09
[2019-08-23 16:29:47,970 | INFO] ae
[2019-08-23 16:29:48,695 | INFO] 77
[2019-08-23 16:29:48,707 | INFO] d1
[2019-08-23 16:29:49,419 | INFO] 08
[2019-08-23 16:29:49,420 | INFO] af
[2019-08-23 16:29:50,145 | INFO] 77
[2019-08-23 16:29:50,157 | INFO] d1
[2019-08-23 16:29:50,668 | INFO] ae
[2019-08-23 16:29:50,882 | INFO] af
[2019-08-23 16:29:51,596 | INFO] 77
[2019-08-23 16:29:51,608 | INFO] d1
[2019-08-23 16:29:51,609 | INFO] 09
[2019-08-23 16:29:52,333 | INFO] ae
[2019-08-23 16:29:53,047 | INFO] 77
[2019-08-23 16:29:53,059 | INFO] d1
[2019-08-23 16:29:53,060 | INFO] 08
[2019-08-23 16:29:53,784 | INFO] af
[2019-08-23 16:29:54,498 | INFO] 77
[2019-08-23 16:29:54,510 | INFO] d1
[2019-08-23 16:29:54,511 | INFO] 09
[2019-08-23 16:29:55,235 | INFO] ae
[2019-08-23 16:29:55,948 | INFO] 77
[2019-08-23 16:29:55,960 | INFO] d1
[2019-08-23 16:29:55,961 | INFO] 08
[2019-08-23 16:29:56,685 | INFO] af
[2019-08-23 16:29:57,399 | INFO] 77
[2019-08-23 16:29:57,411 | INFO] d1
[2019-08-23 16:29:57,413 | INFO] 09
[2019-08-23 16:29:58,136 | INFO] ae
[2019-08-23 16:29:58,851 | INFO] 77
[2019-08-23 16:29:58,861 | INFO] d1
[2019-08-23 16:29:58,863 | INFO] 08
[2019-08-23 16:29:59,587 | INFO] af
[2019-08-23 16:30:00,301 | INFO] 77
[2019-08-23 16:30:00,313 | INFO] d1
[2019-08-23 16:30:00,313 | INFO] 09
[2019-08-23 16:30:01,039 | INFO] ae
[2019-08-23 16:30:01,753 | INFO] 77
[2019-08-23 16:30:01,764 | INFO] d1
[2019-08-23 16:30:01,765 | INFO] 08
[2019-08-23 16:30:02,488 | INFO] af
[2019-08-23 16:30:03,204 | INFO] 77
[2019-08-23 16:30:03,215 | INFO] d1
[2019-08-23 16:30:03,216 | INFO] 09
[2019-08-23 16:30:03,939 | INFO] ae
[2019-08-23 16:30:04,655 | INFO] 77
[2019-08-23 16:30:04,666 | INFO] d1
[2019-08-23 16:30:04,667 | INFO] 08
[2019-08-23 16:30:05,390 | INFO] af
[2019-08-23 16:30:06,106 | INFO] 77
[2019-08-23 16:30:06,117 | INFO] d1
[2019-08-23 16:30:06,118 | INFO] 09
[2019-08-23 16:30:06,841 | INFO] ae
[2019-08-23 16:30:07,557 | INFO] 77
[2019-08-23 16:30:07,568 | INFO] d1
[2019-08-23 16:30:07,569 | INFO] 08
[2019-08-23 16:30:08,291 | INFO] af
[2019-08-23 16:30:09,007 | INFO] 77
[2019-08-23 16:30:09,018 | INFO] d1
[2019-08-23 16:30:09,019 | INFO] 09
[2019-08-23 16:30:09,742 | INFO] ae
[2019-08-23 16:30:10,458 | INFO] 77
[2019-08-23 16:30:10,469 | INFO] d1
[2019-08-23 16:30:10,471 | INFO] 08
[2019-08-23 16:30:11,194 | INFO] af
[2019-08-23 16:30:11,910 | INFO] 77
[2019-08-23 16:30:11,921 | INFO] d1
[2019-08-23 16:30:11,922 | INFO] 09
[2019-08-23 16:30:12,645 | INFO] ae
[2019-08-23 16:30:13,358 | INFO] 77
[2019-08-23 16:30:13,370 | INFO] d1
[2019-08-23 16:30:13,372 | INFO] 08
[2019-08-23 16:30:14,095 | INFO] af
[2019-08-23 16:30:14,809 | INFO] 77
[2019-08-23 16:30:14,821 | INFO] d1
[2019-08-23 16:30:14,822 | INFO] 09
[2019-08-23 16:30:15,546 | INFO] ae
[2019-08-23 16:30:16,260 | INFO] 77
[2019-08-23 16:30:16,272 | INFO] d1
[2019-08-23 16:30:16,273 | INFO] 08
[2019-08-23 16:30:16,997 | INFO] af
[2019-08-23 16:30:17,711 | INFO] 77
[2019-08-23 16:30:17,722 | INFO] d1
[2019-08-23 16:30:17,723 | INFO] 09
[2019-08-23 16:30:18,448 | INFO] ae
[2019-08-23 16:30:19,161 | INFO] 77
[2019-08-23 16:30:19,173 | INFO] d1
[2019-08-23 16:30:19,174 | INFO] 08
[2019-08-23 16:30:19,898 | INFO] af
[2019-08-23 16:30:20,612 | INFO] 77
[2019-08-23 16:30:20,624 | INFO] d1
[2019-08-23 16:30:20,626 | INFO] 09
[2019-08-23 16:30:21,349 | INFO] ae
[2019-08-23 16:30:22,063 | INFO] 77
[2019-08-23 16:30:22,075 | INFO] d1
[2019-08-23 16:30:22,076 | INFO] 08
[2019-08-23 16:30:22,800 | INFO] af
[2019-08-23 16:30:24,938 | INFO] 77
[2019-08-23 16:30:24,965 | INFO] 77
[2019-08-23 16:30:24,977 | INFO] d1
[2019-08-23 16:30:25,690 | INFO] 09
[2019-08-23 16:30:25,702 | INFO] af
[2019-08-23 16:30:26,416 | INFO] 77
[2019-08-23 16:30:26,428 | INFO] d1
[2019-08-23 16:30:27,141 | INFO] 08
[2019-08-23 16:30:27,153 | INFO] ae
[2019-08-23 16:30:27,867 | INFO] 77
[2019-08-23 16:30:27,879 | INFO] d1
[2019-08-23 16:30:28,592 | INFO] 09
[2019-08-23 16:30:28,604 | INFO] af
[2019-08-23 16:30:29,318 | INFO] 77
[2019-08-23 16:30:29,330 | INFO] d1
[2019-08-23 16:30:30,042 | INFO] 08
[2019-08-23 16:30:30,054 | INFO] ae
[2019-08-23 16:30:30,768 | INFO] 77
[2019-08-23 16:30:30,780 | INFO] d1
[2019-08-23 16:30:31,493 | INFO] 09
[2019-08-23 16:30:31,505 | INFO] af
[2019-08-23 16:30:32,219 | INFO] 77
[2019-08-23 16:30:32,231 | INFO] d1
[2019-08-23 16:30:32,945 | INFO] 08
[2019-08-23 16:30:32,956 | INFO] ae
[2019-08-23 16:30:33,670 | INFO] 77
[2019-08-23 16:30:33,682 | INFO] d1
[2019-08-23 16:30:34,395 | INFO] 09
[2019-08-23 16:30:34,407 | INFO] af
[2019-08-23 16:30:35,122 | INFO] 77
[2019-08-23 16:30:35,133 | INFO] d1
[2019-08-23 16:30:35,846 | INFO] 08
[2019-08-23 16:30:35,858 | INFO] ae
[2019-08-23 16:30:36,572 | INFO] 77
[2019-08-23 16:30:36,584 | INFO] d1
[2019-08-23 16:30:37,297 | INFO] 09
[2019-08-23 16:30:37,309 | INFO] af
[2019-08-23 16:30:38,023 | INFO] 77
[2019-08-23 16:30:38,035 | INFO] d1
[2019-08-23 16:30:38,748 | INFO] 08
[2019-08-23 16:30:38,760 | INFO] ae
[2019-08-23 16:30:39,474 | INFO] 77
[2019-08-23 16:30:39,486 | INFO] d1
[2019-08-23 16:30:40,199 | INFO] 09
[2019-08-23 16:30:40,211 | INFO] af
[2019-08-23 16:30:40,925 | INFO] 77
[2019-08-23 16:30:40,937 | INFO] d1
[2019-08-23 16:30:41,650 | INFO] 08
[2019-08-23 16:30:41,662 | INFO] ae
[2019-08-23 16:30:42,375 | INFO] 77
[2019-08-23 16:30:42,386 | INFO] d1
[2019-08-23 16:30:43,100 | INFO] 09
[2019-08-23 16:30:43,112 | INFO] af
[2019-08-23 16:30:43,826 | INFO] 77
[2019-08-23 16:30:43,837 | INFO] d1
[2019-08-23 16:30:44,551 | INFO] 08
[2019-08-23 16:30:44,563 | INFO] ae
[2019-08-23 16:30:45,277 | INFO] 77
[2019-08-23 16:30:45,289 | INFO] d1
[2019-08-23 16:30:46,003 | INFO] 09
[2019-08-23 16:30:46,014 | INFO] af
[2019-08-23 16:30:46,728 | INFO] 77
[2019-08-23 16:30:46,739 | INFO] d1
[2019-08-23 16:30:47,453 | INFO] 08
[2019-08-23 16:30:47,465 | INFO] ae
[2019-08-23 16:30:48,180 | INFO] 77
[2019-08-23 16:30:48,191 | INFO] d1
[2019-08-23 16:30:48,904 | INFO] 09
[2019-08-23 16:30:48,915 | INFO] af
[2019-08-23 16:30:49,631 | INFO] 77
[2019-08-23 16:30:49,642 | INFO] d1
[2019-08-23 16:30:50,355 | INFO] 08
[2019-08-23 16:30:50,366 | INFO] ae
[2019-08-23 16:30:51,082 | INFO] 77
[2019-08-23 16:30:51,093 | INFO] d1
[2019-08-23 16:30:51,806 | INFO] 09
[2019-08-23 16:30:51,817 | INFO] af
[2019-08-23 16:30:52,533 | INFO] 77
[2019-08-23 16:30:52,544 | INFO] d1
[2019-08-23 16:30:53,257 | INFO] 08
[2019-08-23 16:30:53,267 | INFO] ae
[2019-08-23 16:30:53,983 | INFO] 77
[2019-08-23 16:30:53,994 | INFO] d1
[2019-08-23 16:30:54,707 | INFO] 09
[2019-08-23 16:30:54,718 | INFO] af
[2019-08-23 16:30:55,434 | INFO] 77
[2019-08-23 16:30:55,445 | INFO] d1
[2019-08-23 16:30:56,158 | INFO] 08
[2019-08-23 16:30:56,169 | INFO] ae
[2019-08-23 16:30:56,885 | INFO] 77
[2019-08-23 16:30:56,896 | INFO] d1
[2019-08-23 16:30:57,610 | INFO] 09
[2019-08-23 16:30:57,620 | INFO] af
[2019-08-23 16:30:58,335 | INFO] 77
[2019-08-23 16:30:58,347 | INFO] d1
[2019-08-23 16:30:59,060 | INFO] 08
[2019-08-23 16:30:59,070 | INFO] ae
[2019-08-23 16:30:59,785 | INFO] 77
[2019-08-23 16:30:59,797 | INFO] d1
[2019-08-23 16:31:00,512 | INFO] 09
[2019-08-23 16:31:00,522 | INFO] af
[2019-08-23 16:31:01,236 | INFO] 77
[2019-08-23 16:31:01,248 | INFO] d1
[2019-08-23 16:31:01,962 | INFO] 08
[2019-08-23 16:31:01,973 | INFO] ae
[2019-08-23 16:31:02,687 | INFO] 77
[2019-08-23 16:31:02,699 | INFO] d1
[2019-08-23 16:31:03,412 | INFO] 09
[2019-08-23 16:31:03,424 | INFO] af
[2019-08-23 16:31:04,138 | INFO] 77
[2019-08-23 16:31:04,150 | INFO] d1
[2019-08-23 16:31:04,863 | INFO] 08
[2019-08-23 16:31:04,875 | INFO] ae
[2019-08-23 16:31:05,588 | INFO] 77
[2019-08-23 16:31:05,600 | INFO] d1
[2019-08-23 16:31:06,313 | INFO] 09
[2019-08-23 16:31:06,325 | INFO] af
[2019-08-23 16:31:07,039 | INFO] 77
[2019-08-23 16:31:07,051 | INFO] d1
[2019-08-23 16:31:07,764 | INFO] 08
[2019-08-23 16:31:07,776 | INFO] ae
[2019-08-23 16:31:08,490 | INFO] 77
[2019-08-23 16:31:08,502 | INFO] d1
[2019-08-23 16:31:09,215 | INFO] 09
[2019-08-23 16:31:09,227 | INFO] af
[2019-08-23 16:31:09,941 | INFO] 77
[2019-08-23 16:31:09,953 | INFO] d1
[2019-08-23 16:31:10,665 | INFO] 08
[2019-08-23 16:31:10,677 | INFO] ae
[2019-08-23 16:31:11,391 | INFO] 77
[2019-08-23 16:31:11,403 | INFO] d1
[2019-08-23 16:31:12,117 | INFO] 09
[2019-08-23 16:31:12,129 | INFO] af
[2019-08-23 16:31:12,843 | INFO] 77
[2019-08-23 16:31:12,855 | INFO] d1
[2019-08-23 16:31:13,568 | INFO] 08
[2019-08-23 16:31:13,580 | INFO] ae
[2019-08-23 16:31:14,294 | INFO] 77
[2019-08-23 16:31:14,306 | INFO] d1
[2019-08-23 16:31:15,019 | INFO] 09
[2019-08-23 16:31:15,031 | INFO] af
[2019-08-23 16:31:15,745 | INFO] 77
[2019-08-23 16:31:15,757 | INFO] d1
[2019-08-23 16:31:16,470 | INFO] 08
[2019-08-23 16:31:16,482 | INFO] ae
[2019-08-23 16:31:17,195 | INFO] 77
[2019-08-23 16:31:17,207 | INFO] d1
[2019-08-23 16:31:17,920 | INFO] 09
[2019-08-23 16:31:17,932 | INFO] af
[2019-08-23 16:31:18,646 | INFO] 77
[2019-08-23 16:31:18,658 | INFO] d1
[2019-08-23 16:31:19,371 | INFO] 08
[2019-08-23 16:31:19,383 | INFO] ae
[2019-08-23 16:31:20,097 | INFO] 77
[2019-08-23 16:31:20,109 | INFO] d1
[2019-08-23 16:31:20,822 | INFO] 09
[2019-08-23 16:31:20,834 | INFO] af
[2019-08-23 16:31:21,548 | INFO] 77
[2019-08-23 16:31:21,560 | INFO] d1
[2019-08-23 16:31:22,273 | INFO] 08
[2019-08-23 16:31:22,285 | INFO] ae
[2019-08-23 16:31:22,998 | INFO] 77
[2019-08-23 16:31:23,010 | INFO] d1
[2019-08-23 16:31:23,723 | INFO] 09
[2019-08-23 16:31:23,736 | INFO] af
[2019-08-23 16:31:24,450 | INFO] 77
[2019-08-23 16:31:24,462 | INFO] d1
[2019-08-23 16:31:25,175 | INFO] 08
[2019-08-23 16:31:25,187 | INFO] ae
[2019-08-23 16:31:25,901 | INFO] 77
[2019-08-23 16:31:25,912 | INFO] d1
[2019-08-23 16:31:26,626 | INFO] 09
[2019-08-23 16:31:26,638 | INFO] af
[2019-08-23 16:31:27,352 | INFO] 77
[2019-08-23 16:31:27,363 | INFO] d1
[2019-08-23 16:31:28,077 | INFO] 08
[2019-08-23 16:31:28,089 | INFO] ae
[2019-08-23 16:31:28,802 | INFO] 77
[2019-08-23 16:31:28,813 | INFO] d1
[2019-08-23 16:31:29,527 | INFO] 09
[2019-08-23 16:31:29,538 | INFO] af
[2019-08-23 16:31:30,254 | INFO] 77
[2019-08-23 16:31:30,265 | INFO] d1
[2019-08-23 16:31:30,978 | INFO] 08
[2019-08-23 16:31:30,989 | INFO] ae
[2019-08-23 16:31:31,705 | INFO] 77
[2019-08-23 16:31:31,716 | INFO] d1
[2019-08-23 16:31:32,429 | INFO] 09
[2019-08-23 16:31:32,440 | INFO] af
[2019-08-23 16:31:33,156 | INFO] 77
[2019-08-23 16:31:33,167 | INFO] d1
[2019-08-23 16:31:33,879 | INFO] 08
[2019-08-23 16:31:33,891 | INFO] ae
[2019-08-23 16:31:34,606 | INFO] 77
[2019-08-23 16:31:34,618 | INFO] d1
[2019-08-23 16:31:35,330 | INFO] 09
[2019-08-23 16:31:35,341 | INFO] af
[2019-08-23 16:31:36,058 | INFO] 77
[2019-08-23 16:31:36,068 | INFO] d1
[2019-08-23 16:31:36,783 | INFO] 08
[2019-08-23 16:31:36,794 | INFO] ae
[2019-08-23 16:31:37,508 | INFO] 77
[2019-08-23 16:31:37,519 | INFO] d1
[2019-08-23 16:31:38,233 | INFO] 09
[2019-08-23 16:31:38,244 | INFO] af
[2019-08-23 16:31:38,959 | INFO] 77
[2019-08-23 16:31:38,970 | INFO] d1
[2019-08-23 16:31:39,684 | INFO] 08
[2019-08-23 16:31:39,695 | INFO] ae
[2019-08-23 16:31:40,411 | INFO] 77
[2019-08-23 16:31:40,421 | INFO] d1
[2019-08-23 16:31:41,134 | INFO] 09
[2019-08-23 16:31:41,145 | INFO] af
[2019-08-23 16:31:41,859 | INFO] 77
[2019-08-23 16:31:41,871 | INFO] d1
[2019-08-23 16:31:47,874 | ERROR] RX disconnected 5.013576030731201
[2019-08-23 16:31:52,876 | ERROR] RX disconnected 5.0026304721832275
[2019-08-23 16:31:57,878 | ERROR] RX disconnected 5.001547336578369
[2019-08-23 16:31:59,335 | INFO] Sending kill to threads...
[2019-08-23 16:31:59,880 | INFO] Receiver thread terminated
[2019-08-23 16:32:06,005 | INFO] Sender thread terminated
[2019-08-23 16:32:06,006 | INFO] Program terminated
